ARM GAS  C:\Users\Hero\AppData\Local\Temp\ccBNgvwY.s 			page 1


   1              		.cpu cortex-m0
   2              		.arch armv6s-m
   3              		.fpu softvfp
   4              		.eabi_attribute 20, 1
   5              		.eabi_attribute 21, 1
   6              		.eabi_attribute 23, 3
   7              		.eabi_attribute 24, 1
   8              		.eabi_attribute 25, 1
   9              		.eabi_attribute 26, 1
  10              		.eabi_attribute 30, 1
  11              		.eabi_attribute 34, 0
  12              		.eabi_attribute 18, 4
  13              		.file	"main.c"
  14              		.text
  15              	.Ltext0:
  16              		.cfi_sections	.debug_frame
  17              		.file 1 "Core/Src/main.c"
  18              		.section	.text.MX_GPIO_Init,"ax",%progbits
  19              		.align	1
  20              		.syntax unified
  21              		.code	16
  22              		.thumb_func
  24              	MX_GPIO_Init:
  25              	.LFB48:
   1:Core/Src/main.c **** /* USER CODE BEGIN Header */
   2:Core/Src/main.c **** /**
   3:Core/Src/main.c ****  ******************************************************************************
   4:Core/Src/main.c ****  * @file           : main.c
   5:Core/Src/main.c ****  * @brief          : Main program body
   6:Core/Src/main.c ****  ******************************************************************************
   7:Core/Src/main.c ****  * @attention
   8:Core/Src/main.c ****  *
   9:Core/Src/main.c ****  * Copyright (c) 2024 STMicroelectronics.
  10:Core/Src/main.c ****  * All rights reserved.
  11:Core/Src/main.c ****  *
  12:Core/Src/main.c ****  * This software is licensed under terms that can be found in the LICENSE file
  13:Core/Src/main.c ****  * in the root directory of this software component.
  14:Core/Src/main.c ****  * If no LICENSE file comes with this software, it is provided AS-IS.
  15:Core/Src/main.c ****  *
  16:Core/Src/main.c ****  ******************************************************************************
  17:Core/Src/main.c ****  */
  18:Core/Src/main.c **** /* USER CODE END Header */
  19:Core/Src/main.c **** /* Includes ------------------------------------------------------------------*/
  20:Core/Src/main.c **** #include "main.h"
  21:Core/Src/main.c **** 
  22:Core/Src/main.c **** /* Private includes ----------------------------------------------------------*/
  23:Core/Src/main.c **** /* USER CODE BEGIN Includes */
  24:Core/Src/main.c **** #include <stdarg.h>         // va_list va_start va_end
  25:Core/Src/main.c **** #include <stdio.h>          // sprintf
  26:Core/Src/main.c **** #include <string.h>         // strlen
  27:Core/Src/main.c **** #include "device_control.h" // åŒ…å«è®¾å¤‡æŽ§åˆ¶å¤´æ–‡ä»¶
  28:Core/Src/main.c **** /* USER CODE END Includes */
  29:Core/Src/main.c **** 
  30:Core/Src/main.c **** /* Private typedef -----------------------------------------------------------*/
  31:Core/Src/main.c **** /* USER CODE BEGIN PTD */
  32:Core/Src/main.c **** 
  33:Core/Src/main.c **** /* USER CODE END PTD */
ARM GAS  C:\Users\Hero\AppData\Local\Temp\ccBNgvwY.s 			page 2


  34:Core/Src/main.c **** 
  35:Core/Src/main.c **** /* Private define ------------------------------------------------------------*/
  36:Core/Src/main.c **** /* USER CODE BEGIN PD */
  37:Core/Src/main.c **** 
  38:Core/Src/main.c **** /* USER CODE END PD */
  39:Core/Src/main.c **** 
  40:Core/Src/main.c **** /* Private macro -------------------------------------------------------------*/
  41:Core/Src/main.c **** /* USER CODE BEGIN PM */
  42:Core/Src/main.c **** 
  43:Core/Src/main.c **** /* USER CODE END PM */
  44:Core/Src/main.c **** 
  45:Core/Src/main.c **** /* Private variables ---------------------------------------------------------*/
  46:Core/Src/main.c **** UART_HandleTypeDef huart1;
  47:Core/Src/main.c **** UART_HandleTypeDef huart2;
  48:Core/Src/main.c **** DMA_HandleTypeDef hdma_usart1_rx;
  49:Core/Src/main.c **** DMA_HandleTypeDef hdma_usart1_tx;
  50:Core/Src/main.c **** 
  51:Core/Src/main.c **** /* USER CODE BEGIN PV */
  52:Core/Src/main.c **** 
  53:Core/Src/main.c **** /* USER CODE END PV */
  54:Core/Src/main.c **** 
  55:Core/Src/main.c **** /* Private function prototypes -----------------------------------------------*/
  56:Core/Src/main.c **** void SystemClock_Config(void);
  57:Core/Src/main.c **** static void MX_GPIO_Init(void);
  58:Core/Src/main.c **** static void MX_DMA_Init(void);
  59:Core/Src/main.c **** static void MX_USART1_UART_Init(void);
  60:Core/Src/main.c **** static void MX_USART2_UART_Init(void);
  61:Core/Src/main.c **** /* USER CODE BEGIN PFP */
  62:Core/Src/main.c **** void BL_Printf(const char *fmt, ...);
  63:Core/Src/main.c **** /* USER CODE END PFP */
  64:Core/Src/main.c **** 
  65:Core/Src/main.c **** /* Private user code ---------------------------------------------------------*/
  66:Core/Src/main.c **** /* USER CODE BEGIN 0 */
  67:Core/Src/main.c **** 
  68:Core/Src/main.c **** /* USER CODE END 0 */
  69:Core/Src/main.c **** 
  70:Core/Src/main.c **** /**
  71:Core/Src/main.c ****   * @brief  The application entry point.
  72:Core/Src/main.c ****   * @retval int
  73:Core/Src/main.c ****   */
  74:Core/Src/main.c **** int main(void)
  75:Core/Src/main.c **** {
  76:Core/Src/main.c **** 
  77:Core/Src/main.c ****   /* USER CODE BEGIN 1 */
  78:Core/Src/main.c **** 
  79:Core/Src/main.c ****   /* USER CODE END 1 */
  80:Core/Src/main.c **** 
  81:Core/Src/main.c ****   /* MCU Configuration--------------------------------------------------------*/
  82:Core/Src/main.c **** 
  83:Core/Src/main.c ****   /* Reset of all peripherals, Initializes the Flash interface and the Systick. */
  84:Core/Src/main.c ****   HAL_Init();
  85:Core/Src/main.c **** 
  86:Core/Src/main.c ****   /* USER CODE BEGIN Init */
  87:Core/Src/main.c **** 
  88:Core/Src/main.c ****   /* USER CODE END Init */
  89:Core/Src/main.c **** 
  90:Core/Src/main.c ****   /* Configure the system clock */
ARM GAS  C:\Users\Hero\AppData\Local\Temp\ccBNgvwY.s 			page 3


  91:Core/Src/main.c ****   SystemClock_Config();
  92:Core/Src/main.c **** 
  93:Core/Src/main.c ****   /* USER CODE BEGIN SysInit */
  94:Core/Src/main.c **** 
  95:Core/Src/main.c ****   /* USER CODE END SysInit */
  96:Core/Src/main.c **** 
  97:Core/Src/main.c ****   /* Initialize all configured peripherals */
  98:Core/Src/main.c ****   MX_GPIO_Init();
  99:Core/Src/main.c ****   MX_DMA_Init();
 100:Core/Src/main.c ****   MX_USART1_UART_Init();
 101:Core/Src/main.c ****   MX_USART2_UART_Init();
 102:Core/Src/main.c ****   /* USER CODE BEGIN 2 */
 103:Core/Src/main.c **** 
 104:Core/Src/main.c ****   char tbuf[128];
 105:Core/Src/main.c ****   char rbuf[128];
 106:Core/Src/main.c **** 
 107:Core/Src/main.c ****   memset(tbuf, 0, sizeof(tbuf));
 108:Core/Src/main.c ****   memset(rbuf, 0, sizeof(rbuf));
 109:Core/Src/main.c **** 
 110:Core/Src/main.c ****   __HAL_UART_ENABLE_IT(&huart1, UART_IT_IDLE);
 111:Core/Src/main.c **** 
 112:Core/Src/main.c ****   /* USER CODE END 2 */
 113:Core/Src/main.c **** 
 114:Core/Src/main.c ****   /* Infinite loop */
 115:Core/Src/main.c ****   /* USER CODE BEGIN WHILE */
 116:Core/Src/main.c ****   while (1)
 117:Core/Src/main.c ****   {
 118:Core/Src/main.c ****     /* USER CODE END WHILE */
 119:Core/Src/main.c **** 
 120:Core/Src/main.c ****     /* USER CODE BEGIN 3 */
 121:Core/Src/main.c ****     if (HAL_UARTEx_ReceiveToIdle_DMA(&huart1, (uint8_t *)rbuf, sizeof(rbuf) - 1) == HAL_OK)
 122:Core/Src/main.c ****     {
 123:Core/Src/main.c ****       controlDevice(rbuf);
 124:Core/Src/main.c **** 
 125:Core/Src/main.c ****       memset(tbuf, 0, sizeof(tbuf));
 126:Core/Src/main.c ****       memset(rbuf, 0, sizeof(rbuf));
 127:Core/Src/main.c ****     }
 128:Core/Src/main.c ****   }
 129:Core/Src/main.c ****   /* USER CODE END 3 */
 130:Core/Src/main.c **** }
 131:Core/Src/main.c **** 
 132:Core/Src/main.c **** /**
 133:Core/Src/main.c ****   * @brief System Clock Configuration
 134:Core/Src/main.c ****   * @retval None
 135:Core/Src/main.c ****   */
 136:Core/Src/main.c **** void SystemClock_Config(void)
 137:Core/Src/main.c **** {
 138:Core/Src/main.c ****   RCC_OscInitTypeDef RCC_OscInitStruct = {0};
 139:Core/Src/main.c ****   RCC_ClkInitTypeDef RCC_ClkInitStruct = {0};
 140:Core/Src/main.c ****   RCC_PeriphCLKInitTypeDef PeriphClkInit = {0};
 141:Core/Src/main.c **** 
 142:Core/Src/main.c ****   /** Initializes the RCC Oscillators according to the specified parameters
 143:Core/Src/main.c ****   * in the RCC_OscInitTypeDef structure.
 144:Core/Src/main.c ****   */
 145:Core/Src/main.c ****   RCC_OscInitStruct.OscillatorType = RCC_OSCILLATORTYPE_HSI;
 146:Core/Src/main.c ****   RCC_OscInitStruct.HSIState = RCC_HSI_ON;
 147:Core/Src/main.c ****   RCC_OscInitStruct.HSICalibrationValue = RCC_HSICALIBRATION_DEFAULT;
ARM GAS  C:\Users\Hero\AppData\Local\Temp\ccBNgvwY.s 			page 4


 148:Core/Src/main.c ****   RCC_OscInitStruct.PLL.PLLState = RCC_PLL_ON;
 149:Core/Src/main.c ****   RCC_OscInitStruct.PLL.PLLSource = RCC_PLLSOURCE_HSI;
 150:Core/Src/main.c ****   RCC_OscInitStruct.PLL.PLLMUL = RCC_PLL_MUL12;
 151:Core/Src/main.c ****   RCC_OscInitStruct.PLL.PREDIV = RCC_PREDIV_DIV1;
 152:Core/Src/main.c ****   if (HAL_RCC_OscConfig(&RCC_OscInitStruct) != HAL_OK)
 153:Core/Src/main.c ****   {
 154:Core/Src/main.c ****     Error_Handler();
 155:Core/Src/main.c ****   }
 156:Core/Src/main.c **** 
 157:Core/Src/main.c ****   /** Initializes the CPU, AHB and APB buses clocks
 158:Core/Src/main.c ****   */
 159:Core/Src/main.c ****   RCC_ClkInitStruct.ClockType = RCC_CLOCKTYPE_HCLK|RCC_CLOCKTYPE_SYSCLK
 160:Core/Src/main.c ****                               |RCC_CLOCKTYPE_PCLK1;
 161:Core/Src/main.c ****   RCC_ClkInitStruct.SYSCLKSource = RCC_SYSCLKSOURCE_PLLCLK;
 162:Core/Src/main.c ****   RCC_ClkInitStruct.AHBCLKDivider = RCC_SYSCLK_DIV1;
 163:Core/Src/main.c ****   RCC_ClkInitStruct.APB1CLKDivider = RCC_HCLK_DIV1;
 164:Core/Src/main.c **** 
 165:Core/Src/main.c ****   if (HAL_RCC_ClockConfig(&RCC_ClkInitStruct, FLASH_LATENCY_1) != HAL_OK)
 166:Core/Src/main.c ****   {
 167:Core/Src/main.c ****     Error_Handler();
 168:Core/Src/main.c ****   }
 169:Core/Src/main.c ****   PeriphClkInit.PeriphClockSelection = RCC_PERIPHCLK_USART1;
 170:Core/Src/main.c ****   PeriphClkInit.Usart1ClockSelection = RCC_USART1CLKSOURCE_PCLK1;
 171:Core/Src/main.c ****   if (HAL_RCCEx_PeriphCLKConfig(&PeriphClkInit) != HAL_OK)
 172:Core/Src/main.c ****   {
 173:Core/Src/main.c ****     Error_Handler();
 174:Core/Src/main.c ****   }
 175:Core/Src/main.c **** }
 176:Core/Src/main.c **** 
 177:Core/Src/main.c **** /**
 178:Core/Src/main.c ****   * @brief USART1 Initialization Function
 179:Core/Src/main.c ****   * @param None
 180:Core/Src/main.c ****   * @retval None
 181:Core/Src/main.c ****   */
 182:Core/Src/main.c **** static void MX_USART1_UART_Init(void)
 183:Core/Src/main.c **** {
 184:Core/Src/main.c **** 
 185:Core/Src/main.c ****   /* USER CODE BEGIN USART1_Init 0 */
 186:Core/Src/main.c **** 
 187:Core/Src/main.c ****   /* USER CODE END USART1_Init 0 */
 188:Core/Src/main.c **** 
 189:Core/Src/main.c ****   /* USER CODE BEGIN USART1_Init 1 */
 190:Core/Src/main.c **** 
 191:Core/Src/main.c ****   /* USER CODE END USART1_Init 1 */
 192:Core/Src/main.c ****   huart1.Instance = USART1;
 193:Core/Src/main.c ****   huart1.Init.BaudRate = 9600;
 194:Core/Src/main.c ****   huart1.Init.WordLength = UART_WORDLENGTH_8B;
 195:Core/Src/main.c ****   huart1.Init.StopBits = UART_STOPBITS_1;
 196:Core/Src/main.c ****   huart1.Init.Parity = UART_PARITY_NONE;
 197:Core/Src/main.c ****   huart1.Init.Mode = UART_MODE_TX_RX;
 198:Core/Src/main.c ****   huart1.Init.HwFlowCtl = UART_HWCONTROL_NONE;
 199:Core/Src/main.c ****   huart1.Init.OverSampling = UART_OVERSAMPLING_16;
 200:Core/Src/main.c ****   huart1.Init.OneBitSampling = UART_ONE_BIT_SAMPLE_DISABLE;
 201:Core/Src/main.c ****   huart1.AdvancedInit.AdvFeatureInit = UART_ADVFEATURE_NO_INIT;
 202:Core/Src/main.c ****   if (HAL_UART_Init(&huart1) != HAL_OK)
 203:Core/Src/main.c ****   {
 204:Core/Src/main.c ****     Error_Handler();
ARM GAS  C:\Users\Hero\AppData\Local\Temp\ccBNgvwY.s 			page 5


 205:Core/Src/main.c ****   }
 206:Core/Src/main.c ****   /* USER CODE BEGIN USART1_Init 2 */
 207:Core/Src/main.c **** 
 208:Core/Src/main.c ****   /* USER CODE END USART1_Init 2 */
 209:Core/Src/main.c **** 
 210:Core/Src/main.c **** }
 211:Core/Src/main.c **** 
 212:Core/Src/main.c **** /**
 213:Core/Src/main.c ****   * @brief USART2 Initialization Function
 214:Core/Src/main.c ****   * @param None
 215:Core/Src/main.c ****   * @retval None
 216:Core/Src/main.c ****   */
 217:Core/Src/main.c **** static void MX_USART2_UART_Init(void)
 218:Core/Src/main.c **** {
 219:Core/Src/main.c **** 
 220:Core/Src/main.c ****   /* USER CODE BEGIN USART2_Init 0 */
 221:Core/Src/main.c **** 
 222:Core/Src/main.c ****   /* USER CODE END USART2_Init 0 */
 223:Core/Src/main.c **** 
 224:Core/Src/main.c ****   /* USER CODE BEGIN USART2_Init 1 */
 225:Core/Src/main.c **** 
 226:Core/Src/main.c ****   /* USER CODE END USART2_Init 1 */
 227:Core/Src/main.c ****   huart2.Instance = USART2;
 228:Core/Src/main.c ****   huart2.Init.BaudRate = 115200;
 229:Core/Src/main.c ****   huart2.Init.WordLength = UART_WORDLENGTH_8B;
 230:Core/Src/main.c ****   huart2.Init.StopBits = UART_STOPBITS_1;
 231:Core/Src/main.c ****   huart2.Init.Parity = UART_PARITY_NONE;
 232:Core/Src/main.c ****   huart2.Init.Mode = UART_MODE_TX_RX;
 233:Core/Src/main.c ****   huart2.Init.HwFlowCtl = UART_HWCONTROL_NONE;
 234:Core/Src/main.c ****   huart2.Init.OverSampling = UART_OVERSAMPLING_16;
 235:Core/Src/main.c ****   huart2.Init.OneBitSampling = UART_ONE_BIT_SAMPLE_DISABLE;
 236:Core/Src/main.c ****   huart2.AdvancedInit.AdvFeatureInit = UART_ADVFEATURE_NO_INIT;
 237:Core/Src/main.c ****   if (HAL_UART_Init(&huart2) != HAL_OK)
 238:Core/Src/main.c ****   {
 239:Core/Src/main.c ****     Error_Handler();
 240:Core/Src/main.c ****   }
 241:Core/Src/main.c ****   /* USER CODE BEGIN USART2_Init 2 */
 242:Core/Src/main.c **** 
 243:Core/Src/main.c ****   /* USER CODE END USART2_Init 2 */
 244:Core/Src/main.c **** 
 245:Core/Src/main.c **** }
 246:Core/Src/main.c **** 
 247:Core/Src/main.c **** /**
 248:Core/Src/main.c ****   * Enable DMA controller clock
 249:Core/Src/main.c ****   */
 250:Core/Src/main.c **** static void MX_DMA_Init(void)
 251:Core/Src/main.c **** {
 252:Core/Src/main.c **** 
 253:Core/Src/main.c ****   /* DMA controller clock enable */
 254:Core/Src/main.c ****   __HAL_RCC_DMA1_CLK_ENABLE();
 255:Core/Src/main.c **** 
 256:Core/Src/main.c ****   /* DMA interrupt init */
 257:Core/Src/main.c ****   /* DMA1_Channel2_3_IRQn interrupt configuration */
 258:Core/Src/main.c ****   HAL_NVIC_SetPriority(DMA1_Channel2_3_IRQn, 0, 0);
 259:Core/Src/main.c ****   HAL_NVIC_EnableIRQ(DMA1_Channel2_3_IRQn);
 260:Core/Src/main.c **** 
 261:Core/Src/main.c **** }
ARM GAS  C:\Users\Hero\AppData\Local\Temp\ccBNgvwY.s 			page 6


 262:Core/Src/main.c **** 
 263:Core/Src/main.c **** /**
 264:Core/Src/main.c ****   * @brief GPIO Initialization Function
 265:Core/Src/main.c ****   * @param None
 266:Core/Src/main.c ****   * @retval None
 267:Core/Src/main.c ****   */
 268:Core/Src/main.c **** static void MX_GPIO_Init(void)
 269:Core/Src/main.c **** {
  26              		.loc 1 269 1 view -0
  27              		.cfi_startproc
  28              		@ args = 0, pretend = 0, frame = 40
  29              		@ frame_needed = 0, uses_anonymous_args = 0
  30 0000 F0B5     		push	{r4, r5, r6, r7, lr}
  31              		.cfi_def_cfa_offset 20
  32              		.cfi_offset 4, -20
  33              		.cfi_offset 5, -16
  34              		.cfi_offset 6, -12
  35              		.cfi_offset 7, -8
  36              		.cfi_offset 14, -4
  37 0002 CE46     		mov	lr, r9
  38 0004 4746     		mov	r7, r8
  39 0006 80B5     		push	{r7, lr}
  40              		.cfi_def_cfa_offset 28
  41              		.cfi_offset 8, -28
  42              		.cfi_offset 9, -24
  43 0008 8BB0     		sub	sp, sp, #44
  44              		.cfi_def_cfa_offset 72
 270:Core/Src/main.c ****   GPIO_InitTypeDef GPIO_InitStruct = {0};
  45              		.loc 1 270 3 view .LVU1
  46              		.loc 1 270 20 is_stmt 0 view .LVU2
  47 000a 1422     		movs	r2, #20
  48 000c 0021     		movs	r1, #0
  49 000e 05A8     		add	r0, sp, #20
  50 0010 FFF7FEFF 		bl	memset
  51              	.LVL0:
 271:Core/Src/main.c **** /* USER CODE BEGIN MX_GPIO_Init_1 */
 272:Core/Src/main.c **** /* USER CODE END MX_GPIO_Init_1 */
 273:Core/Src/main.c **** 
 274:Core/Src/main.c ****   /* GPIO Ports Clock Enable */
 275:Core/Src/main.c ****   __HAL_RCC_GPIOC_CLK_ENABLE();
  52              		.loc 1 275 3 is_stmt 1 view .LVU3
  53              	.LBB4:
  54              		.loc 1 275 3 view .LVU4
  55              		.loc 1 275 3 view .LVU5
  56 0014 324B     		ldr	r3, .L2
  57 0016 5A69     		ldr	r2, [r3, #20]
  58 0018 8021     		movs	r1, #128
  59 001a 0903     		lsls	r1, r1, #12
  60 001c 0A43     		orrs	r2, r1
  61 001e 5A61     		str	r2, [r3, #20]
  62              		.loc 1 275 3 view .LVU6
  63 0020 5A69     		ldr	r2, [r3, #20]
  64 0022 0A40     		ands	r2, r1
  65 0024 0192     		str	r2, [sp, #4]
  66              		.loc 1 275 3 view .LVU7
  67 0026 019A     		ldr	r2, [sp, #4]
  68              	.LBE4:
ARM GAS  C:\Users\Hero\AppData\Local\Temp\ccBNgvwY.s 			page 7


  69              		.loc 1 275 3 view .LVU8
 276:Core/Src/main.c ****   __HAL_RCC_GPIOF_CLK_ENABLE();
  70              		.loc 1 276 3 view .LVU9
  71              	.LBB5:
  72              		.loc 1 276 3 view .LVU10
  73              		.loc 1 276 3 view .LVU11
  74 0028 5A69     		ldr	r2, [r3, #20]
  75 002a 8021     		movs	r1, #128
  76 002c C903     		lsls	r1, r1, #15
  77 002e 0A43     		orrs	r2, r1
  78 0030 5A61     		str	r2, [r3, #20]
  79              		.loc 1 276 3 view .LVU12
  80 0032 5A69     		ldr	r2, [r3, #20]
  81 0034 0A40     		ands	r2, r1
  82 0036 0292     		str	r2, [sp, #8]
  83              		.loc 1 276 3 view .LVU13
  84 0038 029A     		ldr	r2, [sp, #8]
  85              	.LBE5:
  86              		.loc 1 276 3 view .LVU14
 277:Core/Src/main.c ****   __HAL_RCC_GPIOA_CLK_ENABLE();
  87              		.loc 1 277 3 view .LVU15
  88              	.LBB6:
  89              		.loc 1 277 3 view .LVU16
  90              		.loc 1 277 3 view .LVU17
  91 003a 5A69     		ldr	r2, [r3, #20]
  92 003c 8021     		movs	r1, #128
  93 003e 8902     		lsls	r1, r1, #10
  94 0040 0A43     		orrs	r2, r1
  95 0042 5A61     		str	r2, [r3, #20]
  96              		.loc 1 277 3 view .LVU18
  97 0044 5A69     		ldr	r2, [r3, #20]
  98 0046 0A40     		ands	r2, r1
  99 0048 0392     		str	r2, [sp, #12]
 100              		.loc 1 277 3 view .LVU19
 101 004a 039A     		ldr	r2, [sp, #12]
 102              	.LBE6:
 103              		.loc 1 277 3 view .LVU20
 278:Core/Src/main.c ****   __HAL_RCC_GPIOB_CLK_ENABLE();
 104              		.loc 1 278 3 view .LVU21
 105              	.LBB7:
 106              		.loc 1 278 3 view .LVU22
 107              		.loc 1 278 3 view .LVU23
 108 004c 5A69     		ldr	r2, [r3, #20]
 109 004e 8021     		movs	r1, #128
 110 0050 C902     		lsls	r1, r1, #11
 111 0052 0A43     		orrs	r2, r1
 112 0054 5A61     		str	r2, [r3, #20]
 113              		.loc 1 278 3 view .LVU24
 114 0056 5B69     		ldr	r3, [r3, #20]
 115 0058 0B40     		ands	r3, r1
 116 005a 0493     		str	r3, [sp, #16]
 117              		.loc 1 278 3 view .LVU25
 118 005c 049B     		ldr	r3, [sp, #16]
 119              	.LBE7:
 120              		.loc 1 278 3 view .LVU26
 279:Core/Src/main.c **** 
 280:Core/Src/main.c ****   /*Configure GPIO pin Output Level */
ARM GAS  C:\Users\Hero\AppData\Local\Temp\ccBNgvwY.s 			page 8


 281:Core/Src/main.c ****   HAL_GPIO_WritePin(GPIOC, GPIO_PIN_13, GPIO_PIN_RESET);
 121              		.loc 1 281 3 view .LVU27
 122 005e 8024     		movs	r4, #128
 123 0060 A401     		lsls	r4, r4, #6
 124 0062 204B     		ldr	r3, .L2+4
 125 0064 9946     		mov	r9, r3
 126 0066 0022     		movs	r2, #0
 127 0068 2100     		movs	r1, r4
 128 006a 1800     		movs	r0, r3
 129 006c FFF7FEFF 		bl	HAL_GPIO_WritePin
 130              	.LVL1:
 282:Core/Src/main.c **** 
 283:Core/Src/main.c ****   /*Configure GPIO pin Output Level */
 284:Core/Src/main.c ****   HAL_GPIO_WritePin(GPIOF, GPIO_PIN_7, GPIO_PIN_RESET);
 131              		.loc 1 284 3 view .LVU28
 132 0070 1D4B     		ldr	r3, .L2+8
 133 0072 9846     		mov	r8, r3
 134 0074 0022     		movs	r2, #0
 135 0076 8021     		movs	r1, #128
 136 0078 1800     		movs	r0, r3
 137 007a FFF7FEFF 		bl	HAL_GPIO_WritePin
 138              	.LVL2:
 285:Core/Src/main.c **** 
 286:Core/Src/main.c ****   /*Configure GPIO pin Output Level */
 287:Core/Src/main.c ****   HAL_GPIO_WritePin(GPIOB, GPIO_PIN_7|GPIO_PIN_8|GPIO_PIN_9, GPIO_PIN_RESET);
 139              		.loc 1 287 3 view .LVU29
 140 007e E027     		movs	r7, #224
 141 0080 BF00     		lsls	r7, r7, #2
 142 0082 1A4D     		ldr	r5, .L2+12
 143 0084 0022     		movs	r2, #0
 144 0086 3900     		movs	r1, r7
 145 0088 2800     		movs	r0, r5
 146 008a FFF7FEFF 		bl	HAL_GPIO_WritePin
 147              	.LVL3:
 288:Core/Src/main.c **** 
 289:Core/Src/main.c ****   /*Configure GPIO pin : PC13 */
 290:Core/Src/main.c ****   GPIO_InitStruct.Pin = GPIO_PIN_13;
 148              		.loc 1 290 3 view .LVU30
 149              		.loc 1 290 23 is_stmt 0 view .LVU31
 150 008e 0594     		str	r4, [sp, #20]
 291:Core/Src/main.c ****   GPIO_InitStruct.Mode = GPIO_MODE_OUTPUT_PP;
 151              		.loc 1 291 3 is_stmt 1 view .LVU32
 152              		.loc 1 291 24 is_stmt 0 view .LVU33
 153 0090 0126     		movs	r6, #1
 154 0092 0696     		str	r6, [sp, #24]
 292:Core/Src/main.c ****   GPIO_InitStruct.Pull = GPIO_NOPULL;
 155              		.loc 1 292 3 is_stmt 1 view .LVU34
 156              		.loc 1 292 24 is_stmt 0 view .LVU35
 157 0094 0024     		movs	r4, #0
 158 0096 0794     		str	r4, [sp, #28]
 293:Core/Src/main.c ****   GPIO_InitStruct.Speed = GPIO_SPEED_FREQ_LOW;
 159              		.loc 1 293 3 is_stmt 1 view .LVU36
 160              		.loc 1 293 25 is_stmt 0 view .LVU37
 161 0098 0894     		str	r4, [sp, #32]
 294:Core/Src/main.c ****   HAL_GPIO_Init(GPIOC, &GPIO_InitStruct);
 162              		.loc 1 294 3 is_stmt 1 view .LVU38
 163 009a 05A9     		add	r1, sp, #20
ARM GAS  C:\Users\Hero\AppData\Local\Temp\ccBNgvwY.s 			page 9


 164 009c 4846     		mov	r0, r9
 165 009e FFF7FEFF 		bl	HAL_GPIO_Init
 166              	.LVL4:
 295:Core/Src/main.c **** 
 296:Core/Src/main.c ****   /*Configure GPIO pin : PF7 */
 297:Core/Src/main.c ****   GPIO_InitStruct.Pin = GPIO_PIN_7;
 167              		.loc 1 297 3 view .LVU39
 168              		.loc 1 297 23 is_stmt 0 view .LVU40
 169 00a2 8023     		movs	r3, #128
 170 00a4 0593     		str	r3, [sp, #20]
 298:Core/Src/main.c ****   GPIO_InitStruct.Mode = GPIO_MODE_OUTPUT_PP;
 171              		.loc 1 298 3 is_stmt 1 view .LVU41
 172              		.loc 1 298 24 is_stmt 0 view .LVU42
 173 00a6 0696     		str	r6, [sp, #24]
 299:Core/Src/main.c ****   GPIO_InitStruct.Pull = GPIO_NOPULL;
 174              		.loc 1 299 3 is_stmt 1 view .LVU43
 175              		.loc 1 299 24 is_stmt 0 view .LVU44
 176 00a8 0794     		str	r4, [sp, #28]
 300:Core/Src/main.c ****   GPIO_InitStruct.Speed = GPIO_SPEED_FREQ_LOW;
 177              		.loc 1 300 3 is_stmt 1 view .LVU45
 178              		.loc 1 300 25 is_stmt 0 view .LVU46
 179 00aa 0894     		str	r4, [sp, #32]
 301:Core/Src/main.c ****   HAL_GPIO_Init(GPIOF, &GPIO_InitStruct);
 180              		.loc 1 301 3 is_stmt 1 view .LVU47
 181 00ac 05A9     		add	r1, sp, #20
 182 00ae 4046     		mov	r0, r8
 183 00b0 FFF7FEFF 		bl	HAL_GPIO_Init
 184              	.LVL5:
 302:Core/Src/main.c **** 
 303:Core/Src/main.c ****   /*Configure GPIO pin : PB6 */
 304:Core/Src/main.c ****   GPIO_InitStruct.Pin = GPIO_PIN_6;
 185              		.loc 1 304 3 view .LVU48
 186              		.loc 1 304 23 is_stmt 0 view .LVU49
 187 00b4 4023     		movs	r3, #64
 188 00b6 0593     		str	r3, [sp, #20]
 305:Core/Src/main.c ****   GPIO_InitStruct.Mode = GPIO_MODE_INPUT;
 189              		.loc 1 305 3 is_stmt 1 view .LVU50
 190              		.loc 1 305 24 is_stmt 0 view .LVU51
 191 00b8 0694     		str	r4, [sp, #24]
 306:Core/Src/main.c ****   GPIO_InitStruct.Pull = GPIO_NOPULL;
 192              		.loc 1 306 3 is_stmt 1 view .LVU52
 193              		.loc 1 306 24 is_stmt 0 view .LVU53
 194 00ba 0794     		str	r4, [sp, #28]
 307:Core/Src/main.c ****   HAL_GPIO_Init(GPIOB, &GPIO_InitStruct);
 195              		.loc 1 307 3 is_stmt 1 view .LVU54
 196 00bc 05A9     		add	r1, sp, #20
 197 00be 2800     		movs	r0, r5
 198 00c0 FFF7FEFF 		bl	HAL_GPIO_Init
 199              	.LVL6:
 308:Core/Src/main.c **** 
 309:Core/Src/main.c ****   /*Configure GPIO pins : PB7 PB8 PB9 */
 310:Core/Src/main.c ****   GPIO_InitStruct.Pin = GPIO_PIN_7|GPIO_PIN_8|GPIO_PIN_9;
 200              		.loc 1 310 3 view .LVU55
 201              		.loc 1 310 23 is_stmt 0 view .LVU56
 202 00c4 0597     		str	r7, [sp, #20]
 311:Core/Src/main.c ****   GPIO_InitStruct.Mode = GPIO_MODE_OUTPUT_PP;
 203              		.loc 1 311 3 is_stmt 1 view .LVU57
ARM GAS  C:\Users\Hero\AppData\Local\Temp\ccBNgvwY.s 			page 10


 204              		.loc 1 311 24 is_stmt 0 view .LVU58
 205 00c6 0696     		str	r6, [sp, #24]
 312:Core/Src/main.c ****   GPIO_InitStruct.Pull = GPIO_NOPULL;
 206              		.loc 1 312 3 is_stmt 1 view .LVU59
 207              		.loc 1 312 24 is_stmt 0 view .LVU60
 208 00c8 0794     		str	r4, [sp, #28]
 313:Core/Src/main.c ****   GPIO_InitStruct.Speed = GPIO_SPEED_FREQ_LOW;
 209              		.loc 1 313 3 is_stmt 1 view .LVU61
 210              		.loc 1 313 25 is_stmt 0 view .LVU62
 211 00ca 0894     		str	r4, [sp, #32]
 314:Core/Src/main.c ****   HAL_GPIO_Init(GPIOB, &GPIO_InitStruct);
 212              		.loc 1 314 3 is_stmt 1 view .LVU63
 213 00cc 05A9     		add	r1, sp, #20
 214 00ce 2800     		movs	r0, r5
 215 00d0 FFF7FEFF 		bl	HAL_GPIO_Init
 216              	.LVL7:
 315:Core/Src/main.c **** 
 316:Core/Src/main.c **** /* USER CODE BEGIN MX_GPIO_Init_2 */
 317:Core/Src/main.c **** /* USER CODE END MX_GPIO_Init_2 */
 318:Core/Src/main.c **** }
 217              		.loc 1 318 1 is_stmt 0 view .LVU64
 218 00d4 0BB0     		add	sp, sp, #44
 219              		@ sp needed
 220 00d6 C0BC     		pop	{r6, r7}
 221 00d8 B946     		mov	r9, r7
 222 00da B046     		mov	r8, r6
 223 00dc F0BD     		pop	{r4, r5, r6, r7, pc}
 224              	.L3:
 225 00de C046     		.align	2
 226              	.L2:
 227 00e0 00100240 		.word	1073876992
 228 00e4 00080048 		.word	1207961600
 229 00e8 00140048 		.word	1207964672
 230 00ec 00040048 		.word	1207960576
 231              		.cfi_endproc
 232              	.LFE48:
 234              		.section	.text.MX_DMA_Init,"ax",%progbits
 235              		.align	1
 236              		.syntax unified
 237              		.code	16
 238              		.thumb_func
 240              	MX_DMA_Init:
 241              	.LFB47:
 251:Core/Src/main.c **** 
 242              		.loc 1 251 1 is_stmt 1 view -0
 243              		.cfi_startproc
 244              		@ args = 0, pretend = 0, frame = 8
 245              		@ frame_needed = 0, uses_anonymous_args = 0
 246 0000 00B5     		push	{lr}
 247              		.cfi_def_cfa_offset 4
 248              		.cfi_offset 14, -4
 249 0002 83B0     		sub	sp, sp, #12
 250              		.cfi_def_cfa_offset 16
 254:Core/Src/main.c **** 
 251              		.loc 1 254 3 view .LVU66
 252              	.LBB8:
 254:Core/Src/main.c **** 
ARM GAS  C:\Users\Hero\AppData\Local\Temp\ccBNgvwY.s 			page 11


 253              		.loc 1 254 3 view .LVU67
 254:Core/Src/main.c **** 
 254              		.loc 1 254 3 view .LVU68
 255 0004 094A     		ldr	r2, .L5
 256 0006 5169     		ldr	r1, [r2, #20]
 257 0008 0123     		movs	r3, #1
 258 000a 1943     		orrs	r1, r3
 259 000c 5161     		str	r1, [r2, #20]
 254:Core/Src/main.c **** 
 260              		.loc 1 254 3 view .LVU69
 261 000e 5269     		ldr	r2, [r2, #20]
 262 0010 1340     		ands	r3, r2
 263 0012 0193     		str	r3, [sp, #4]
 254:Core/Src/main.c **** 
 264              		.loc 1 254 3 view .LVU70
 265 0014 019B     		ldr	r3, [sp, #4]
 266              	.LBE8:
 254:Core/Src/main.c **** 
 267              		.loc 1 254 3 view .LVU71
 258:Core/Src/main.c ****   HAL_NVIC_EnableIRQ(DMA1_Channel2_3_IRQn);
 268              		.loc 1 258 3 view .LVU72
 269 0016 0022     		movs	r2, #0
 270 0018 0021     		movs	r1, #0
 271 001a 0A20     		movs	r0, #10
 272 001c FFF7FEFF 		bl	HAL_NVIC_SetPriority
 273              	.LVL8:
 259:Core/Src/main.c **** 
 274              		.loc 1 259 3 view .LVU73
 275 0020 0A20     		movs	r0, #10
 276 0022 FFF7FEFF 		bl	HAL_NVIC_EnableIRQ
 277              	.LVL9:
 261:Core/Src/main.c **** 
 278              		.loc 1 261 1 is_stmt 0 view .LVU74
 279 0026 03B0     		add	sp, sp, #12
 280              		@ sp needed
 281 0028 00BD     		pop	{pc}
 282              	.L6:
 283 002a C046     		.align	2
 284              	.L5:
 285 002c 00100240 		.word	1073876992
 286              		.cfi_endproc
 287              	.LFE47:
 289              		.section	.text.BL_Printf,"ax",%progbits
 290              		.align	1
 291              		.global	BL_Printf
 292              		.syntax unified
 293              		.code	16
 294              		.thumb_func
 296              	BL_Printf:
 297              	.LVL10:
 298              	.LFB49:
 319:Core/Src/main.c **** 
 320:Core/Src/main.c **** /* USER CODE BEGIN 4 */
 321:Core/Src/main.c ****   /**
 322:Core/Src/main.c ****    * @brief é€šè¿‡UART1å‘é€æ ¼å¼åŒ–å­—ç¬¦ä¸²åˆ°ä¸²å£
 323:Core/Src/main.c ****    *
 324:Core/Src/main.c ****    * è¯¥å‡½æ•°æ˜¯ç”¨äºŽé€šè¿‡USART1ï¼ˆé€šç”¨åŒæ­¥å¼‚æ­¥æ”¶å‘ä¼ è¾“å™¨1ï¼‰å‘é€æ ¼å¼åŒ–æ•°æ®çš„
ARM GAS  C:\Users\Hero\AppData\Local\Temp\ccBNgvwY.s 			page 12


 325:Core/Src/main.c ****    * å®ƒä½¿ç”¨å¯å˜å‚æ•°åˆ—è¡¨æ¥å¤„ç†ä¸å®šæ•°é‡çš„å‚æ•°ï¼Œå¹¶é€šè¿‡UARTä¼ è¾“å‡½æ•°å‘é€æ•°
 326:Core/Src/main.c ****    *
 327:Core/Src/main.c ****    * @param fmt æ ¼å¼å­—ç¬¦ä¸²ï¼Œæè¿°äº†å¸Œæœ›è¾“å‡ºçš„æ ¼å¼
 328:Core/Src/main.c ****    * @param ... å¯å˜å‚æ•°åˆ—è¡¨ï¼ŒåŒ…å«æ ¼å¼å­—ç¬¦ä¸²ä¸­çš„å…·ä½“æ•°æ®
 329:Core/Src/main.c ****    */
 330:Core/Src/main.c ****   void BL_Printf(const char *fmt, ...)
 331:Core/Src/main.c ****   {
 299              		.loc 1 331 3 is_stmt 1 view -0
 300              		.cfi_startproc
 301              		@ args = 4, pretend = 16, frame = 72
 302              		@ frame_needed = 0, uses_anonymous_args = 1
 303              		.loc 1 331 3 is_stmt 0 view .LVU76
 304 0000 0FB4     		push	{r0, r1, r2, r3}
 305              		.cfi_def_cfa_offset 16
 306 0002 00B5     		push	{lr}
 307              		.cfi_def_cfa_offset 20
 308              		.cfi_offset 14, -20
 309 0004 93B0     		sub	sp, sp, #76
 310              		.cfi_def_cfa_offset 96
 311 0006 14AB     		add	r3, sp, #80
 312 0008 04CB     		ldmia	r3!, {r2}
 332:Core/Src/main.c ****     // å®šä¹‰ä¸€ä¸ªå­—ç¬¦æ•°ç»„ç”¨äºŽå­˜å‚¨æ ¼å¼åŒ–åŽçš„å­—ç¬¦ä¸²
 333:Core/Src/main.c ****     char buff[64];
 313              		.loc 1 333 5 is_stmt 1 view .LVU77
 334:Core/Src/main.c **** 
 335:Core/Src/main.c ****     // å®šä¹‰ä¸€ä¸ªva_listç±»åž‹çš„å˜é‡ï¼Œç”¨äºŽè®¿é—®å¯å˜å‚æ•°åˆ—è¡¨
 336:Core/Src/main.c ****     va_list args;
 314              		.loc 1 336 5 view .LVU78
 337:Core/Src/main.c **** 
 338:Core/Src/main.c ****     // åˆå§‹åŒ–va_listå˜é‡ï¼Œä½¿å…¶æŒ‡å‘å¯å˜å‚æ•°çš„å¼€å§‹ä½ç½®
 339:Core/Src/main.c ****     va_start(args, fmt);
 315              		.loc 1 339 5 view .LVU79
 316 000a 0193     		str	r3, [sp, #4]
 340:Core/Src/main.c **** 
 341:Core/Src/main.c ****     // å°†å¯å˜å‚æ•°æ ¹æ®æ ¼å¼å­—ç¬¦ä¸²fmtå†™å…¥åˆ°buffä¸­
 342:Core/Src/main.c ****     vsnprintf(buff, sizeof(buff), fmt, args);
 317              		.loc 1 342 5 view .LVU80
 318 000c 4021     		movs	r1, #64
 319 000e 02A8     		add	r0, sp, #8
 320 0010 FFF7FEFF 		bl	vsnprintf
 321              	.LVL11:
 343:Core/Src/main.c **** 
 344:Core/Src/main.c ****     // é€šè¿‡USART1å‘é€buffä¸­çš„æ•°æ®ï¼Œè¿™é‡Œå‡è®¾huart1å·²ç»åˆå§‹åŒ–å¹¶é…ç½®ä¸ºæ­£ç¡®çš„ä
 345:Core/Src/main.c ****     HAL_UART_Transmit(&huart1, (uint8_t *)buff, strlen(buff), HAL_MAX_DELAY);
 322              		.loc 1 345 5 view .LVU81
 323              		.loc 1 345 49 is_stmt 0 view .LVU82
 324 0014 02A8     		add	r0, sp, #8
 325 0016 FFF7FEFF 		bl	strlen
 326              	.LVL12:
 327              		.loc 1 345 5 discriminator 1 view .LVU83
 328 001a 0123     		movs	r3, #1
 329 001c 82B2     		uxth	r2, r0
 330 001e 0448     		ldr	r0, .L8
 331 0020 5B42     		rsbs	r3, r3, #0
 332 0022 02A9     		add	r1, sp, #8
 333 0024 FFF7FEFF 		bl	HAL_UART_Transmit
 334              	.LVL13:
ARM GAS  C:\Users\Hero\AppData\Local\Temp\ccBNgvwY.s 			page 13


 346:Core/Src/main.c **** 
 347:Core/Src/main.c ****     // è§£é™¤argsçš„åˆå§‹åŒ–çŠ¶æ€ï¼Œé‡Šæ”¾ç›¸å…³èµ„æº
 348:Core/Src/main.c ****     va_end(args);
 335              		.loc 1 348 5 is_stmt 1 view .LVU84
 349:Core/Src/main.c ****   }
 336              		.loc 1 349 3 is_stmt 0 view .LVU85
 337 0028 13B0     		add	sp, sp, #76
 338              		@ sp needed
 339 002a 08BC     		pop	{r3}
 340 002c 04B0     		add	sp, sp, #16
 341 002e 1847     		bx	r3
 342              	.L9:
 343              		.align	2
 344              	.L8:
 345 0030 00000000 		.word	huart1
 346              		.cfi_endproc
 347              	.LFE49:
 349              		.section	.text.Error_Handler,"ax",%progbits
 350              		.align	1
 351              		.global	Error_Handler
 352              		.syntax unified
 353              		.code	16
 354              		.thumb_func
 356              	Error_Handler:
 357              	.LFB50:
 350:Core/Src/main.c **** 
 351:Core/Src/main.c **** /* USER CODE END 4 */
 352:Core/Src/main.c **** 
 353:Core/Src/main.c **** /**
 354:Core/Src/main.c ****   * @brief  This function is executed in case of error occurrence.
 355:Core/Src/main.c ****   * @retval None
 356:Core/Src/main.c ****   */
 357:Core/Src/main.c **** void Error_Handler(void)
 358:Core/Src/main.c **** {
 358              		.loc 1 358 1 is_stmt 1 view -0
 359              		.cfi_startproc
 360              		@ Volatile: function does not return.
 361              		@ args = 0, pretend = 0, frame = 0
 362              		@ frame_needed = 0, uses_anonymous_args = 0
 363              		@ link register save eliminated.
 359:Core/Src/main.c ****   /* USER CODE BEGIN Error_Handler_Debug */
 360:Core/Src/main.c ****     /* User can add his own implementation to report the HAL error return state */
 361:Core/Src/main.c ****     __disable_irq();
 364              		.loc 1 361 5 view .LVU87
 365              	.LBB9:
 366              	.LBI9:
 367              		.file 2 "Drivers/CMSIS/Include/cmsis_gcc.h"
   1:Drivers/CMSIS/Include/cmsis_gcc.h **** /**************************************************************************//**
   2:Drivers/CMSIS/Include/cmsis_gcc.h ****  * @file     cmsis_gcc.h
   3:Drivers/CMSIS/Include/cmsis_gcc.h ****  * @brief    CMSIS compiler GCC header file
   4:Drivers/CMSIS/Include/cmsis_gcc.h ****  * @version  V5.0.4
   5:Drivers/CMSIS/Include/cmsis_gcc.h ****  * @date     09. April 2018
   6:Drivers/CMSIS/Include/cmsis_gcc.h ****  ******************************************************************************/
   7:Drivers/CMSIS/Include/cmsis_gcc.h **** /*
   8:Drivers/CMSIS/Include/cmsis_gcc.h ****  * Copyright (c) 2009-2018 Arm Limited. All rights reserved.
   9:Drivers/CMSIS/Include/cmsis_gcc.h ****  *
  10:Drivers/CMSIS/Include/cmsis_gcc.h ****  * SPDX-License-Identifier: Apache-2.0
ARM GAS  C:\Users\Hero\AppData\Local\Temp\ccBNgvwY.s 			page 14


  11:Drivers/CMSIS/Include/cmsis_gcc.h ****  *
  12:Drivers/CMSIS/Include/cmsis_gcc.h ****  * Licensed under the Apache License, Version 2.0 (the License); you may
  13:Drivers/CMSIS/Include/cmsis_gcc.h ****  * not use this file except in compliance with the License.
  14:Drivers/CMSIS/Include/cmsis_gcc.h ****  * You may obtain a copy of the License at
  15:Drivers/CMSIS/Include/cmsis_gcc.h ****  *
  16:Drivers/CMSIS/Include/cmsis_gcc.h ****  * www.apache.org/licenses/LICENSE-2.0
  17:Drivers/CMSIS/Include/cmsis_gcc.h ****  *
  18:Drivers/CMSIS/Include/cmsis_gcc.h ****  * Unless required by applicable law or agreed to in writing, software
  19:Drivers/CMSIS/Include/cmsis_gcc.h ****  * distributed under the License is distributed on an AS IS BASIS, WITHOUT
  20:Drivers/CMSIS/Include/cmsis_gcc.h ****  * WARRANTIES OR CONDITIONS OF ANY KIND, either express or implied.
  21:Drivers/CMSIS/Include/cmsis_gcc.h ****  * See the License for the specific language governing permissions and
  22:Drivers/CMSIS/Include/cmsis_gcc.h ****  * limitations under the License.
  23:Drivers/CMSIS/Include/cmsis_gcc.h ****  */
  24:Drivers/CMSIS/Include/cmsis_gcc.h **** 
  25:Drivers/CMSIS/Include/cmsis_gcc.h **** #ifndef __CMSIS_GCC_H
  26:Drivers/CMSIS/Include/cmsis_gcc.h **** #define __CMSIS_GCC_H
  27:Drivers/CMSIS/Include/cmsis_gcc.h **** 
  28:Drivers/CMSIS/Include/cmsis_gcc.h **** /* ignore some GCC warnings */
  29:Drivers/CMSIS/Include/cmsis_gcc.h **** #pragma GCC diagnostic push
  30:Drivers/CMSIS/Include/cmsis_gcc.h **** #pragma GCC diagnostic ignored "-Wsign-conversion"
  31:Drivers/CMSIS/Include/cmsis_gcc.h **** #pragma GCC diagnostic ignored "-Wconversion"
  32:Drivers/CMSIS/Include/cmsis_gcc.h **** #pragma GCC diagnostic ignored "-Wunused-parameter"
  33:Drivers/CMSIS/Include/cmsis_gcc.h **** 
  34:Drivers/CMSIS/Include/cmsis_gcc.h **** /* Fallback for __has_builtin */
  35:Drivers/CMSIS/Include/cmsis_gcc.h **** #ifndef __has_builtin
  36:Drivers/CMSIS/Include/cmsis_gcc.h ****   #define __has_builtin(x) (0)
  37:Drivers/CMSIS/Include/cmsis_gcc.h **** #endif
  38:Drivers/CMSIS/Include/cmsis_gcc.h **** 
  39:Drivers/CMSIS/Include/cmsis_gcc.h **** /* CMSIS compiler specific defines */
  40:Drivers/CMSIS/Include/cmsis_gcc.h **** #ifndef   __ASM
  41:Drivers/CMSIS/Include/cmsis_gcc.h ****   #define __ASM                                  __asm
  42:Drivers/CMSIS/Include/cmsis_gcc.h **** #endif
  43:Drivers/CMSIS/Include/cmsis_gcc.h **** #ifndef   __INLINE
  44:Drivers/CMSIS/Include/cmsis_gcc.h ****   #define __INLINE                               inline
  45:Drivers/CMSIS/Include/cmsis_gcc.h **** #endif
  46:Drivers/CMSIS/Include/cmsis_gcc.h **** #ifndef   __STATIC_INLINE
  47:Drivers/CMSIS/Include/cmsis_gcc.h ****   #define __STATIC_INLINE                        static inline
  48:Drivers/CMSIS/Include/cmsis_gcc.h **** #endif
  49:Drivers/CMSIS/Include/cmsis_gcc.h **** #ifndef   __STATIC_FORCEINLINE                 
  50:Drivers/CMSIS/Include/cmsis_gcc.h ****   #define __STATIC_FORCEINLINE                   __attribute__((always_inline)) static inline
  51:Drivers/CMSIS/Include/cmsis_gcc.h **** #endif                                           
  52:Drivers/CMSIS/Include/cmsis_gcc.h **** #ifndef   __NO_RETURN
  53:Drivers/CMSIS/Include/cmsis_gcc.h ****   #define __NO_RETURN                            __attribute__((__noreturn__))
  54:Drivers/CMSIS/Include/cmsis_gcc.h **** #endif
  55:Drivers/CMSIS/Include/cmsis_gcc.h **** #ifndef   __USED
  56:Drivers/CMSIS/Include/cmsis_gcc.h ****   #define __USED                                 __attribute__((used))
  57:Drivers/CMSIS/Include/cmsis_gcc.h **** #endif
  58:Drivers/CMSIS/Include/cmsis_gcc.h **** #ifndef   __WEAK
  59:Drivers/CMSIS/Include/cmsis_gcc.h ****   #define __WEAK                                 __attribute__((weak))
  60:Drivers/CMSIS/Include/cmsis_gcc.h **** #endif
  61:Drivers/CMSIS/Include/cmsis_gcc.h **** #ifndef   __PACKED
  62:Drivers/CMSIS/Include/cmsis_gcc.h ****   #define __PACKED                               __attribute__((packed, aligned(1)))
  63:Drivers/CMSIS/Include/cmsis_gcc.h **** #endif
  64:Drivers/CMSIS/Include/cmsis_gcc.h **** #ifndef   __PACKED_STRUCT
  65:Drivers/CMSIS/Include/cmsis_gcc.h ****   #define __PACKED_STRUCT                        struct __attribute__((packed, aligned(1)))
  66:Drivers/CMSIS/Include/cmsis_gcc.h **** #endif
  67:Drivers/CMSIS/Include/cmsis_gcc.h **** #ifndef   __PACKED_UNION
ARM GAS  C:\Users\Hero\AppData\Local\Temp\ccBNgvwY.s 			page 15


  68:Drivers/CMSIS/Include/cmsis_gcc.h ****   #define __PACKED_UNION                         union __attribute__((packed, aligned(1)))
  69:Drivers/CMSIS/Include/cmsis_gcc.h **** #endif
  70:Drivers/CMSIS/Include/cmsis_gcc.h **** #ifndef   __UNALIGNED_UINT32        /* deprecated */
  71:Drivers/CMSIS/Include/cmsis_gcc.h ****   #pragma GCC diagnostic push
  72:Drivers/CMSIS/Include/cmsis_gcc.h ****   #pragma GCC diagnostic ignored "-Wpacked"
  73:Drivers/CMSIS/Include/cmsis_gcc.h ****   #pragma GCC diagnostic ignored "-Wattributes"
  74:Drivers/CMSIS/Include/cmsis_gcc.h ****   struct __attribute__((packed)) T_UINT32 { uint32_t v; };
  75:Drivers/CMSIS/Include/cmsis_gcc.h ****   #pragma GCC diagnostic pop
  76:Drivers/CMSIS/Include/cmsis_gcc.h ****   #define __UNALIGNED_UINT32(x)                  (((struct T_UINT32 *)(x))->v)
  77:Drivers/CMSIS/Include/cmsis_gcc.h **** #endif
  78:Drivers/CMSIS/Include/cmsis_gcc.h **** #ifndef   __UNALIGNED_UINT16_WRITE
  79:Drivers/CMSIS/Include/cmsis_gcc.h ****   #pragma GCC diagnostic push
  80:Drivers/CMSIS/Include/cmsis_gcc.h ****   #pragma GCC diagnostic ignored "-Wpacked"
  81:Drivers/CMSIS/Include/cmsis_gcc.h ****   #pragma GCC diagnostic ignored "-Wattributes"
  82:Drivers/CMSIS/Include/cmsis_gcc.h ****   __PACKED_STRUCT T_UINT16_WRITE { uint16_t v; };
  83:Drivers/CMSIS/Include/cmsis_gcc.h ****   #pragma GCC diagnostic pop
  84:Drivers/CMSIS/Include/cmsis_gcc.h ****   #define __UNALIGNED_UINT16_WRITE(addr, val)    (void)((((struct T_UINT16_WRITE *)(void *)(addr))-
  85:Drivers/CMSIS/Include/cmsis_gcc.h **** #endif
  86:Drivers/CMSIS/Include/cmsis_gcc.h **** #ifndef   __UNALIGNED_UINT16_READ
  87:Drivers/CMSIS/Include/cmsis_gcc.h ****   #pragma GCC diagnostic push
  88:Drivers/CMSIS/Include/cmsis_gcc.h ****   #pragma GCC diagnostic ignored "-Wpacked"
  89:Drivers/CMSIS/Include/cmsis_gcc.h ****   #pragma GCC diagnostic ignored "-Wattributes"
  90:Drivers/CMSIS/Include/cmsis_gcc.h ****   __PACKED_STRUCT T_UINT16_READ { uint16_t v; };
  91:Drivers/CMSIS/Include/cmsis_gcc.h ****   #pragma GCC diagnostic pop
  92:Drivers/CMSIS/Include/cmsis_gcc.h ****   #define __UNALIGNED_UINT16_READ(addr)          (((const struct T_UINT16_READ *)(const void *)(add
  93:Drivers/CMSIS/Include/cmsis_gcc.h **** #endif
  94:Drivers/CMSIS/Include/cmsis_gcc.h **** #ifndef   __UNALIGNED_UINT32_WRITE
  95:Drivers/CMSIS/Include/cmsis_gcc.h ****   #pragma GCC diagnostic push
  96:Drivers/CMSIS/Include/cmsis_gcc.h ****   #pragma GCC diagnostic ignored "-Wpacked"
  97:Drivers/CMSIS/Include/cmsis_gcc.h ****   #pragma GCC diagnostic ignored "-Wattributes"
  98:Drivers/CMSIS/Include/cmsis_gcc.h ****   __PACKED_STRUCT T_UINT32_WRITE { uint32_t v; };
  99:Drivers/CMSIS/Include/cmsis_gcc.h ****   #pragma GCC diagnostic pop
 100:Drivers/CMSIS/Include/cmsis_gcc.h ****   #define __UNALIGNED_UINT32_WRITE(addr, val)    (void)((((struct T_UINT32_WRITE *)(void *)(addr))-
 101:Drivers/CMSIS/Include/cmsis_gcc.h **** #endif
 102:Drivers/CMSIS/Include/cmsis_gcc.h **** #ifndef   __UNALIGNED_UINT32_READ
 103:Drivers/CMSIS/Include/cmsis_gcc.h ****   #pragma GCC diagnostic push
 104:Drivers/CMSIS/Include/cmsis_gcc.h ****   #pragma GCC diagnostic ignored "-Wpacked"
 105:Drivers/CMSIS/Include/cmsis_gcc.h ****   #pragma GCC diagnostic ignored "-Wattributes"
 106:Drivers/CMSIS/Include/cmsis_gcc.h ****   __PACKED_STRUCT T_UINT32_READ { uint32_t v; };
 107:Drivers/CMSIS/Include/cmsis_gcc.h ****   #pragma GCC diagnostic pop
 108:Drivers/CMSIS/Include/cmsis_gcc.h ****   #define __UNALIGNED_UINT32_READ(addr)          (((const struct T_UINT32_READ *)(const void *)(add
 109:Drivers/CMSIS/Include/cmsis_gcc.h **** #endif
 110:Drivers/CMSIS/Include/cmsis_gcc.h **** #ifndef   __ALIGNED
 111:Drivers/CMSIS/Include/cmsis_gcc.h ****   #define __ALIGNED(x)                           __attribute__((aligned(x)))
 112:Drivers/CMSIS/Include/cmsis_gcc.h **** #endif
 113:Drivers/CMSIS/Include/cmsis_gcc.h **** #ifndef   __RESTRICT
 114:Drivers/CMSIS/Include/cmsis_gcc.h ****   #define __RESTRICT                             __restrict
 115:Drivers/CMSIS/Include/cmsis_gcc.h **** #endif
 116:Drivers/CMSIS/Include/cmsis_gcc.h **** 
 117:Drivers/CMSIS/Include/cmsis_gcc.h **** 
 118:Drivers/CMSIS/Include/cmsis_gcc.h **** /* ###########################  Core Function Access  ########################### */
 119:Drivers/CMSIS/Include/cmsis_gcc.h **** /** \ingroup  CMSIS_Core_FunctionInterface
 120:Drivers/CMSIS/Include/cmsis_gcc.h ****     \defgroup CMSIS_Core_RegAccFunctions CMSIS Core Register Access Functions
 121:Drivers/CMSIS/Include/cmsis_gcc.h ****   @{
 122:Drivers/CMSIS/Include/cmsis_gcc.h ****  */
 123:Drivers/CMSIS/Include/cmsis_gcc.h **** 
 124:Drivers/CMSIS/Include/cmsis_gcc.h **** /**
ARM GAS  C:\Users\Hero\AppData\Local\Temp\ccBNgvwY.s 			page 16


 125:Drivers/CMSIS/Include/cmsis_gcc.h ****   \brief   Enable IRQ Interrupts
 126:Drivers/CMSIS/Include/cmsis_gcc.h ****   \details Enables IRQ interrupts by clearing the I-bit in the CPSR.
 127:Drivers/CMSIS/Include/cmsis_gcc.h ****            Can only be executed in Privileged modes.
 128:Drivers/CMSIS/Include/cmsis_gcc.h ****  */
 129:Drivers/CMSIS/Include/cmsis_gcc.h **** __STATIC_FORCEINLINE void __enable_irq(void)
 130:Drivers/CMSIS/Include/cmsis_gcc.h **** {
 131:Drivers/CMSIS/Include/cmsis_gcc.h ****   __ASM volatile ("cpsie i" : : : "memory");
 132:Drivers/CMSIS/Include/cmsis_gcc.h **** }
 133:Drivers/CMSIS/Include/cmsis_gcc.h **** 
 134:Drivers/CMSIS/Include/cmsis_gcc.h **** 
 135:Drivers/CMSIS/Include/cmsis_gcc.h **** /**
 136:Drivers/CMSIS/Include/cmsis_gcc.h ****   \brief   Disable IRQ Interrupts
 137:Drivers/CMSIS/Include/cmsis_gcc.h ****   \details Disables IRQ interrupts by setting the I-bit in the CPSR.
 138:Drivers/CMSIS/Include/cmsis_gcc.h ****            Can only be executed in Privileged modes.
 139:Drivers/CMSIS/Include/cmsis_gcc.h ****  */
 140:Drivers/CMSIS/Include/cmsis_gcc.h **** __STATIC_FORCEINLINE void __disable_irq(void)
 368              		.loc 2 140 27 view .LVU88
 369              	.LBB10:
 141:Drivers/CMSIS/Include/cmsis_gcc.h **** {
 142:Drivers/CMSIS/Include/cmsis_gcc.h ****   __ASM volatile ("cpsid i" : : : "memory");
 370              		.loc 2 142 3 view .LVU89
 371              		.syntax divided
 372              	@ 142 "Drivers/CMSIS/Include/cmsis_gcc.h" 1
 373 0000 72B6     		cpsid i
 374              	@ 0 "" 2
 375              		.thumb
 376              		.syntax unified
 377              	.L11:
 378              	.LBE10:
 379              	.LBE9:
 362:Core/Src/main.c ****     while (1)
 380              		.loc 1 362 5 view .LVU90
 363:Core/Src/main.c ****     {
 364:Core/Src/main.c ****     }
 381              		.loc 1 364 5 view .LVU91
 362:Core/Src/main.c ****     while (1)
 382              		.loc 1 362 11 view .LVU92
 383 0002 FEE7     		b	.L11
 384              		.cfi_endproc
 385              	.LFE50:
 387              		.section	.text.MX_USART1_UART_Init,"ax",%progbits
 388              		.align	1
 389              		.syntax unified
 390              		.code	16
 391              		.thumb_func
 393              	MX_USART1_UART_Init:
 394              	.LFB45:
 183:Core/Src/main.c **** 
 395              		.loc 1 183 1 view -0
 396              		.cfi_startproc
 397              		@ args = 0, pretend = 0, frame = 0
 398              		@ frame_needed = 0, uses_anonymous_args = 0
 399 0000 10B5     		push	{r4, lr}
 400              		.cfi_def_cfa_offset 8
 401              		.cfi_offset 4, -8
 402              		.cfi_offset 14, -4
 192:Core/Src/main.c ****   huart1.Init.BaudRate = 9600;
ARM GAS  C:\Users\Hero\AppData\Local\Temp\ccBNgvwY.s 			page 17


 403              		.loc 1 192 3 view .LVU94
 192:Core/Src/main.c ****   huart1.Init.BaudRate = 9600;
 404              		.loc 1 192 19 is_stmt 0 view .LVU95
 405 0002 0B48     		ldr	r0, .L15
 406 0004 0B4B     		ldr	r3, .L15+4
 407 0006 0360     		str	r3, [r0]
 193:Core/Src/main.c ****   huart1.Init.WordLength = UART_WORDLENGTH_8B;
 408              		.loc 1 193 3 is_stmt 1 view .LVU96
 193:Core/Src/main.c ****   huart1.Init.WordLength = UART_WORDLENGTH_8B;
 409              		.loc 1 193 24 is_stmt 0 view .LVU97
 410 0008 9623     		movs	r3, #150
 411 000a 9B01     		lsls	r3, r3, #6
 412 000c 4360     		str	r3, [r0, #4]
 194:Core/Src/main.c ****   huart1.Init.StopBits = UART_STOPBITS_1;
 413              		.loc 1 194 3 is_stmt 1 view .LVU98
 194:Core/Src/main.c ****   huart1.Init.StopBits = UART_STOPBITS_1;
 414              		.loc 1 194 26 is_stmt 0 view .LVU99
 415 000e 0023     		movs	r3, #0
 416 0010 8360     		str	r3, [r0, #8]
 195:Core/Src/main.c ****   huart1.Init.Parity = UART_PARITY_NONE;
 417              		.loc 1 195 3 is_stmt 1 view .LVU100
 195:Core/Src/main.c ****   huart1.Init.Parity = UART_PARITY_NONE;
 418              		.loc 1 195 24 is_stmt 0 view .LVU101
 419 0012 C360     		str	r3, [r0, #12]
 196:Core/Src/main.c ****   huart1.Init.Mode = UART_MODE_TX_RX;
 420              		.loc 1 196 3 is_stmt 1 view .LVU102
 196:Core/Src/main.c ****   huart1.Init.Mode = UART_MODE_TX_RX;
 421              		.loc 1 196 22 is_stmt 0 view .LVU103
 422 0014 0361     		str	r3, [r0, #16]
 197:Core/Src/main.c ****   huart1.Init.HwFlowCtl = UART_HWCONTROL_NONE;
 423              		.loc 1 197 3 is_stmt 1 view .LVU104
 197:Core/Src/main.c ****   huart1.Init.HwFlowCtl = UART_HWCONTROL_NONE;
 424              		.loc 1 197 20 is_stmt 0 view .LVU105
 425 0016 0C22     		movs	r2, #12
 426 0018 4261     		str	r2, [r0, #20]
 198:Core/Src/main.c ****   huart1.Init.OverSampling = UART_OVERSAMPLING_16;
 427              		.loc 1 198 3 is_stmt 1 view .LVU106
 198:Core/Src/main.c ****   huart1.Init.OverSampling = UART_OVERSAMPLING_16;
 428              		.loc 1 198 25 is_stmt 0 view .LVU107
 429 001a 8361     		str	r3, [r0, #24]
 199:Core/Src/main.c ****   huart1.Init.OneBitSampling = UART_ONE_BIT_SAMPLE_DISABLE;
 430              		.loc 1 199 3 is_stmt 1 view .LVU108
 199:Core/Src/main.c ****   huart1.Init.OneBitSampling = UART_ONE_BIT_SAMPLE_DISABLE;
 431              		.loc 1 199 28 is_stmt 0 view .LVU109
 432 001c C361     		str	r3, [r0, #28]
 200:Core/Src/main.c ****   huart1.AdvancedInit.AdvFeatureInit = UART_ADVFEATURE_NO_INIT;
 433              		.loc 1 200 3 is_stmt 1 view .LVU110
 200:Core/Src/main.c ****   huart1.AdvancedInit.AdvFeatureInit = UART_ADVFEATURE_NO_INIT;
 434              		.loc 1 200 30 is_stmt 0 view .LVU111
 435 001e 0362     		str	r3, [r0, #32]
 201:Core/Src/main.c ****   if (HAL_UART_Init(&huart1) != HAL_OK)
 436              		.loc 1 201 3 is_stmt 1 view .LVU112
 201:Core/Src/main.c ****   if (HAL_UART_Init(&huart1) != HAL_OK)
 437              		.loc 1 201 38 is_stmt 0 view .LVU113
 438 0020 4362     		str	r3, [r0, #36]
 202:Core/Src/main.c ****   {
 439              		.loc 1 202 3 is_stmt 1 view .LVU114
ARM GAS  C:\Users\Hero\AppData\Local\Temp\ccBNgvwY.s 			page 18


 202:Core/Src/main.c ****   {
 440              		.loc 1 202 7 is_stmt 0 view .LVU115
 441 0022 FFF7FEFF 		bl	HAL_UART_Init
 442              	.LVL14:
 202:Core/Src/main.c ****   {
 443              		.loc 1 202 6 discriminator 1 view .LVU116
 444 0026 0028     		cmp	r0, #0
 445 0028 00D1     		bne	.L14
 210:Core/Src/main.c **** 
 446              		.loc 1 210 1 view .LVU117
 447              		@ sp needed
 448 002a 10BD     		pop	{r4, pc}
 449              	.L14:
 204:Core/Src/main.c ****   }
 450              		.loc 1 204 5 is_stmt 1 view .LVU118
 451 002c FFF7FEFF 		bl	Error_Handler
 452              	.LVL15:
 453              	.L16:
 454              		.align	2
 455              	.L15:
 456 0030 00000000 		.word	huart1
 457 0034 00380140 		.word	1073821696
 458              		.cfi_endproc
 459              	.LFE45:
 461              		.section	.text.MX_USART2_UART_Init,"ax",%progbits
 462              		.align	1
 463              		.syntax unified
 464              		.code	16
 465              		.thumb_func
 467              	MX_USART2_UART_Init:
 468              	.LFB46:
 218:Core/Src/main.c **** 
 469              		.loc 1 218 1 view -0
 470              		.cfi_startproc
 471              		@ args = 0, pretend = 0, frame = 0
 472              		@ frame_needed = 0, uses_anonymous_args = 0
 473 0000 10B5     		push	{r4, lr}
 474              		.cfi_def_cfa_offset 8
 475              		.cfi_offset 4, -8
 476              		.cfi_offset 14, -4
 227:Core/Src/main.c ****   huart2.Init.BaudRate = 115200;
 477              		.loc 1 227 3 view .LVU120
 227:Core/Src/main.c ****   huart2.Init.BaudRate = 115200;
 478              		.loc 1 227 19 is_stmt 0 view .LVU121
 479 0002 0B48     		ldr	r0, .L20
 480 0004 0B4B     		ldr	r3, .L20+4
 481 0006 0360     		str	r3, [r0]
 228:Core/Src/main.c ****   huart2.Init.WordLength = UART_WORDLENGTH_8B;
 482              		.loc 1 228 3 is_stmt 1 view .LVU122
 228:Core/Src/main.c ****   huart2.Init.WordLength = UART_WORDLENGTH_8B;
 483              		.loc 1 228 24 is_stmt 0 view .LVU123
 484 0008 E123     		movs	r3, #225
 485 000a 5B02     		lsls	r3, r3, #9
 486 000c 4360     		str	r3, [r0, #4]
 229:Core/Src/main.c ****   huart2.Init.StopBits = UART_STOPBITS_1;
 487              		.loc 1 229 3 is_stmt 1 view .LVU124
 229:Core/Src/main.c ****   huart2.Init.StopBits = UART_STOPBITS_1;
ARM GAS  C:\Users\Hero\AppData\Local\Temp\ccBNgvwY.s 			page 19


 488              		.loc 1 229 26 is_stmt 0 view .LVU125
 489 000e 0023     		movs	r3, #0
 490 0010 8360     		str	r3, [r0, #8]
 230:Core/Src/main.c ****   huart2.Init.Parity = UART_PARITY_NONE;
 491              		.loc 1 230 3 is_stmt 1 view .LVU126
 230:Core/Src/main.c ****   huart2.Init.Parity = UART_PARITY_NONE;
 492              		.loc 1 230 24 is_stmt 0 view .LVU127
 493 0012 C360     		str	r3, [r0, #12]
 231:Core/Src/main.c ****   huart2.Init.Mode = UART_MODE_TX_RX;
 494              		.loc 1 231 3 is_stmt 1 view .LVU128
 231:Core/Src/main.c ****   huart2.Init.Mode = UART_MODE_TX_RX;
 495              		.loc 1 231 22 is_stmt 0 view .LVU129
 496 0014 0361     		str	r3, [r0, #16]
 232:Core/Src/main.c ****   huart2.Init.HwFlowCtl = UART_HWCONTROL_NONE;
 497              		.loc 1 232 3 is_stmt 1 view .LVU130
 232:Core/Src/main.c ****   huart2.Init.HwFlowCtl = UART_HWCONTROL_NONE;
 498              		.loc 1 232 20 is_stmt 0 view .LVU131
 499 0016 0C22     		movs	r2, #12
 500 0018 4261     		str	r2, [r0, #20]
 233:Core/Src/main.c ****   huart2.Init.OverSampling = UART_OVERSAMPLING_16;
 501              		.loc 1 233 3 is_stmt 1 view .LVU132
 233:Core/Src/main.c ****   huart2.Init.OverSampling = UART_OVERSAMPLING_16;
 502              		.loc 1 233 25 is_stmt 0 view .LVU133
 503 001a 8361     		str	r3, [r0, #24]
 234:Core/Src/main.c ****   huart2.Init.OneBitSampling = UART_ONE_BIT_SAMPLE_DISABLE;
 504              		.loc 1 234 3 is_stmt 1 view .LVU134
 234:Core/Src/main.c ****   huart2.Init.OneBitSampling = UART_ONE_BIT_SAMPLE_DISABLE;
 505              		.loc 1 234 28 is_stmt 0 view .LVU135
 506 001c C361     		str	r3, [r0, #28]
 235:Core/Src/main.c ****   huart2.AdvancedInit.AdvFeatureInit = UART_ADVFEATURE_NO_INIT;
 507              		.loc 1 235 3 is_stmt 1 view .LVU136
 235:Core/Src/main.c ****   huart2.AdvancedInit.AdvFeatureInit = UART_ADVFEATURE_NO_INIT;
 508              		.loc 1 235 30 is_stmt 0 view .LVU137
 509 001e 0362     		str	r3, [r0, #32]
 236:Core/Src/main.c ****   if (HAL_UART_Init(&huart2) != HAL_OK)
 510              		.loc 1 236 3 is_stmt 1 view .LVU138
 236:Core/Src/main.c ****   if (HAL_UART_Init(&huart2) != HAL_OK)
 511              		.loc 1 236 38 is_stmt 0 view .LVU139
 512 0020 4362     		str	r3, [r0, #36]
 237:Core/Src/main.c ****   {
 513              		.loc 1 237 3 is_stmt 1 view .LVU140
 237:Core/Src/main.c ****   {
 514              		.loc 1 237 7 is_stmt 0 view .LVU141
 515 0022 FFF7FEFF 		bl	HAL_UART_Init
 516              	.LVL16:
 237:Core/Src/main.c ****   {
 517              		.loc 1 237 6 discriminator 1 view .LVU142
 518 0026 0028     		cmp	r0, #0
 519 0028 00D1     		bne	.L19
 245:Core/Src/main.c **** 
 520              		.loc 1 245 1 view .LVU143
 521              		@ sp needed
 522 002a 10BD     		pop	{r4, pc}
 523              	.L19:
 239:Core/Src/main.c ****   }
 524              		.loc 1 239 5 is_stmt 1 view .LVU144
 525 002c FFF7FEFF 		bl	Error_Handler
ARM GAS  C:\Users\Hero\AppData\Local\Temp\ccBNgvwY.s 			page 20


 526              	.LVL17:
 527              	.L21:
 528              		.align	2
 529              	.L20:
 530 0030 00000000 		.word	huart2
 531 0034 00440040 		.word	1073759232
 532              		.cfi_endproc
 533              	.LFE46:
 535              		.section	.text.SystemClock_Config,"ax",%progbits
 536              		.align	1
 537              		.global	SystemClock_Config
 538              		.syntax unified
 539              		.code	16
 540              		.thumb_func
 542              	SystemClock_Config:
 543              	.LFB44:
 137:Core/Src/main.c ****   RCC_OscInitTypeDef RCC_OscInitStruct = {0};
 544              		.loc 1 137 1 view -0
 545              		.cfi_startproc
 546              		@ args = 0, pretend = 0, frame = 80
 547              		@ frame_needed = 0, uses_anonymous_args = 0
 548 0000 00B5     		push	{lr}
 549              		.cfi_def_cfa_offset 4
 550              		.cfi_offset 14, -4
 551 0002 95B0     		sub	sp, sp, #84
 552              		.cfi_def_cfa_offset 88
 138:Core/Src/main.c ****   RCC_ClkInitTypeDef RCC_ClkInitStruct = {0};
 553              		.loc 1 138 3 view .LVU146
 138:Core/Src/main.c ****   RCC_ClkInitTypeDef RCC_ClkInitStruct = {0};
 554              		.loc 1 138 22 is_stmt 0 view .LVU147
 555 0004 3022     		movs	r2, #48
 556 0006 0021     		movs	r1, #0
 557 0008 08A8     		add	r0, sp, #32
 558 000a FFF7FEFF 		bl	memset
 559              	.LVL18:
 139:Core/Src/main.c ****   RCC_PeriphCLKInitTypeDef PeriphClkInit = {0};
 560              		.loc 1 139 3 is_stmt 1 view .LVU148
 139:Core/Src/main.c ****   RCC_PeriphCLKInitTypeDef PeriphClkInit = {0};
 561              		.loc 1 139 22 is_stmt 0 view .LVU149
 562 000e 1022     		movs	r2, #16
 563 0010 0021     		movs	r1, #0
 564 0012 04A8     		add	r0, sp, #16
 565 0014 FFF7FEFF 		bl	memset
 566              	.LVL19:
 140:Core/Src/main.c **** 
 567              		.loc 1 140 3 is_stmt 1 view .LVU150
 140:Core/Src/main.c **** 
 568              		.loc 1 140 28 is_stmt 0 view .LVU151
 569 0018 1022     		movs	r2, #16
 570 001a 0021     		movs	r1, #0
 571 001c 6846     		mov	r0, sp
 572 001e FFF7FEFF 		bl	memset
 573              	.LVL20:
 145:Core/Src/main.c ****   RCC_OscInitStruct.HSIState = RCC_HSI_ON;
 574              		.loc 1 145 3 is_stmt 1 view .LVU152
 145:Core/Src/main.c ****   RCC_OscInitStruct.HSIState = RCC_HSI_ON;
 575              		.loc 1 145 36 is_stmt 0 view .LVU153
ARM GAS  C:\Users\Hero\AppData\Local\Temp\ccBNgvwY.s 			page 21


 576 0022 0223     		movs	r3, #2
 577 0024 0893     		str	r3, [sp, #32]
 146:Core/Src/main.c ****   RCC_OscInitStruct.HSICalibrationValue = RCC_HSICALIBRATION_DEFAULT;
 578              		.loc 1 146 3 is_stmt 1 view .LVU154
 146:Core/Src/main.c ****   RCC_OscInitStruct.HSICalibrationValue = RCC_HSICALIBRATION_DEFAULT;
 579              		.loc 1 146 30 is_stmt 0 view .LVU155
 580 0026 0122     		movs	r2, #1
 581 0028 0B92     		str	r2, [sp, #44]
 147:Core/Src/main.c ****   RCC_OscInitStruct.PLL.PLLState = RCC_PLL_ON;
 582              		.loc 1 147 3 is_stmt 1 view .LVU156
 147:Core/Src/main.c ****   RCC_OscInitStruct.PLL.PLLState = RCC_PLL_ON;
 583              		.loc 1 147 41 is_stmt 0 view .LVU157
 584 002a 0F32     		adds	r2, r2, #15
 585 002c 0C92     		str	r2, [sp, #48]
 148:Core/Src/main.c ****   RCC_OscInitStruct.PLL.PLLSource = RCC_PLLSOURCE_HSI;
 586              		.loc 1 148 3 is_stmt 1 view .LVU158
 148:Core/Src/main.c ****   RCC_OscInitStruct.PLL.PLLSource = RCC_PLLSOURCE_HSI;
 587              		.loc 1 148 34 is_stmt 0 view .LVU159
 588 002e 1093     		str	r3, [sp, #64]
 149:Core/Src/main.c ****   RCC_OscInitStruct.PLL.PLLMUL = RCC_PLL_MUL12;
 589              		.loc 1 149 3 is_stmt 1 view .LVU160
 150:Core/Src/main.c ****   RCC_OscInitStruct.PLL.PREDIV = RCC_PREDIV_DIV1;
 590              		.loc 1 150 3 view .LVU161
 150:Core/Src/main.c ****   RCC_OscInitStruct.PLL.PREDIV = RCC_PREDIV_DIV1;
 591              		.loc 1 150 32 is_stmt 0 view .LVU162
 592 0030 A023     		movs	r3, #160
 593 0032 9B03     		lsls	r3, r3, #14
 594 0034 1293     		str	r3, [sp, #72]
 151:Core/Src/main.c ****   if (HAL_RCC_OscConfig(&RCC_OscInitStruct) != HAL_OK)
 595              		.loc 1 151 3 is_stmt 1 view .LVU163
 152:Core/Src/main.c ****   {
 596              		.loc 1 152 3 view .LVU164
 152:Core/Src/main.c ****   {
 597              		.loc 1 152 7 is_stmt 0 view .LVU165
 598 0036 08A8     		add	r0, sp, #32
 599 0038 FFF7FEFF 		bl	HAL_RCC_OscConfig
 600              	.LVL21:
 152:Core/Src/main.c ****   {
 601              		.loc 1 152 6 discriminator 1 view .LVU166
 602 003c 0028     		cmp	r0, #0
 603 003e 17D1     		bne	.L26
 159:Core/Src/main.c ****                               |RCC_CLOCKTYPE_PCLK1;
 604              		.loc 1 159 3 is_stmt 1 view .LVU167
 159:Core/Src/main.c ****                               |RCC_CLOCKTYPE_PCLK1;
 605              		.loc 1 159 31 is_stmt 0 view .LVU168
 606 0040 0723     		movs	r3, #7
 607 0042 0493     		str	r3, [sp, #16]
 161:Core/Src/main.c ****   RCC_ClkInitStruct.AHBCLKDivider = RCC_SYSCLK_DIV1;
 608              		.loc 1 161 3 is_stmt 1 view .LVU169
 161:Core/Src/main.c ****   RCC_ClkInitStruct.AHBCLKDivider = RCC_SYSCLK_DIV1;
 609              		.loc 1 161 34 is_stmt 0 view .LVU170
 610 0044 053B     		subs	r3, r3, #5
 611 0046 0593     		str	r3, [sp, #20]
 162:Core/Src/main.c ****   RCC_ClkInitStruct.APB1CLKDivider = RCC_HCLK_DIV1;
 612              		.loc 1 162 3 is_stmt 1 view .LVU171
 162:Core/Src/main.c ****   RCC_ClkInitStruct.APB1CLKDivider = RCC_HCLK_DIV1;
 613              		.loc 1 162 35 is_stmt 0 view .LVU172
ARM GAS  C:\Users\Hero\AppData\Local\Temp\ccBNgvwY.s 			page 22


 614 0048 0023     		movs	r3, #0
 615 004a 0693     		str	r3, [sp, #24]
 163:Core/Src/main.c **** 
 616              		.loc 1 163 3 is_stmt 1 view .LVU173
 163:Core/Src/main.c **** 
 617              		.loc 1 163 36 is_stmt 0 view .LVU174
 618 004c 0793     		str	r3, [sp, #28]
 165:Core/Src/main.c ****   {
 619              		.loc 1 165 3 is_stmt 1 view .LVU175
 165:Core/Src/main.c ****   {
 620              		.loc 1 165 7 is_stmt 0 view .LVU176
 621 004e 0121     		movs	r1, #1
 622 0050 04A8     		add	r0, sp, #16
 623 0052 FFF7FEFF 		bl	HAL_RCC_ClockConfig
 624              	.LVL22:
 165:Core/Src/main.c ****   {
 625              		.loc 1 165 6 discriminator 1 view .LVU177
 626 0056 0028     		cmp	r0, #0
 627 0058 0CD1     		bne	.L27
 169:Core/Src/main.c ****   PeriphClkInit.Usart1ClockSelection = RCC_USART1CLKSOURCE_PCLK1;
 628              		.loc 1 169 3 is_stmt 1 view .LVU178
 169:Core/Src/main.c ****   PeriphClkInit.Usart1ClockSelection = RCC_USART1CLKSOURCE_PCLK1;
 629              		.loc 1 169 38 is_stmt 0 view .LVU179
 630 005a 0123     		movs	r3, #1
 631 005c 0093     		str	r3, [sp]
 170:Core/Src/main.c ****   if (HAL_RCCEx_PeriphCLKConfig(&PeriphClkInit) != HAL_OK)
 632              		.loc 1 170 3 is_stmt 1 view .LVU180
 170:Core/Src/main.c ****   if (HAL_RCCEx_PeriphCLKConfig(&PeriphClkInit) != HAL_OK)
 633              		.loc 1 170 38 is_stmt 0 view .LVU181
 634 005e 0023     		movs	r3, #0
 635 0060 0293     		str	r3, [sp, #8]
 171:Core/Src/main.c ****   {
 636              		.loc 1 171 3 is_stmt 1 view .LVU182
 171:Core/Src/main.c ****   {
 637              		.loc 1 171 7 is_stmt 0 view .LVU183
 638 0062 6846     		mov	r0, sp
 639 0064 FFF7FEFF 		bl	HAL_RCCEx_PeriphCLKConfig
 640              	.LVL23:
 171:Core/Src/main.c ****   {
 641              		.loc 1 171 6 discriminator 1 view .LVU184
 642 0068 0028     		cmp	r0, #0
 643 006a 05D1     		bne	.L28
 175:Core/Src/main.c **** 
 644              		.loc 1 175 1 view .LVU185
 645 006c 15B0     		add	sp, sp, #84
 646              		@ sp needed
 647 006e 00BD     		pop	{pc}
 648              	.L26:
 154:Core/Src/main.c ****   }
 649              		.loc 1 154 5 is_stmt 1 view .LVU186
 650 0070 FFF7FEFF 		bl	Error_Handler
 651              	.LVL24:
 652              	.L27:
 167:Core/Src/main.c ****   }
 653              		.loc 1 167 5 view .LVU187
 654 0074 FFF7FEFF 		bl	Error_Handler
 655              	.LVL25:
ARM GAS  C:\Users\Hero\AppData\Local\Temp\ccBNgvwY.s 			page 23


 656              	.L28:
 173:Core/Src/main.c ****   }
 657              		.loc 1 173 5 view .LVU188
 658 0078 FFF7FEFF 		bl	Error_Handler
 659              	.LVL26:
 660              		.cfi_endproc
 661              	.LFE44:
 663              		.section	.text.main,"ax",%progbits
 664              		.align	1
 665              		.global	main
 666              		.syntax unified
 667              		.code	16
 668              		.thumb_func
 670              	main:
 671              	.LFB43:
  75:Core/Src/main.c **** 
 672              		.loc 1 75 1 view -0
 673              		.cfi_startproc
 674              		@ Volatile: function does not return.
 675              		@ args = 0, pretend = 0, frame = 256
 676              		@ frame_needed = 0, uses_anonymous_args = 0
 677 0000 00B5     		push	{lr}
 678              		.cfi_def_cfa_offset 4
 679              		.cfi_offset 14, -4
 680 0002 C1B0     		sub	sp, sp, #260
 681              		.cfi_def_cfa_offset 264
  84:Core/Src/main.c **** 
 682              		.loc 1 84 3 view .LVU190
 683 0004 FFF7FEFF 		bl	HAL_Init
 684              	.LVL27:
  91:Core/Src/main.c **** 
 685              		.loc 1 91 3 view .LVU191
 686 0008 FFF7FEFF 		bl	SystemClock_Config
 687              	.LVL28:
  98:Core/Src/main.c ****   MX_DMA_Init();
 688              		.loc 1 98 3 view .LVU192
 689 000c FFF7FEFF 		bl	MX_GPIO_Init
 690              	.LVL29:
  99:Core/Src/main.c ****   MX_USART1_UART_Init();
 691              		.loc 1 99 3 view .LVU193
 692 0010 FFF7FEFF 		bl	MX_DMA_Init
 693              	.LVL30:
 100:Core/Src/main.c ****   MX_USART2_UART_Init();
 694              		.loc 1 100 3 view .LVU194
 695 0014 FFF7FEFF 		bl	MX_USART1_UART_Init
 696              	.LVL31:
 101:Core/Src/main.c ****   /* USER CODE BEGIN 2 */
 697              		.loc 1 101 3 view .LVU195
 698 0018 FFF7FEFF 		bl	MX_USART2_UART_Init
 699              	.LVL32:
 104:Core/Src/main.c ****   char rbuf[128];
 700              		.loc 1 104 3 view .LVU196
 105:Core/Src/main.c **** 
 701              		.loc 1 105 3 view .LVU197
 107:Core/Src/main.c ****   memset(rbuf, 0, sizeof(rbuf));
 702              		.loc 1 107 3 view .LVU198
 703 001c 8022     		movs	r2, #128
ARM GAS  C:\Users\Hero\AppData\Local\Temp\ccBNgvwY.s 			page 24


 704 001e 0021     		movs	r1, #0
 705 0020 20A8     		add	r0, sp, #128
 706 0022 FFF7FEFF 		bl	memset
 707              	.LVL33:
 108:Core/Src/main.c **** 
 708              		.loc 1 108 3 view .LVU199
 709 0026 8022     		movs	r2, #128
 710 0028 0021     		movs	r1, #0
 711 002a 6846     		mov	r0, sp
 712 002c FFF7FEFF 		bl	memset
 713              	.LVL34:
 110:Core/Src/main.c **** 
 714              		.loc 1 110 3 view .LVU200
 715 0030 0D4B     		ldr	r3, .L32
 716 0032 1A68     		ldr	r2, [r3]
 717 0034 1368     		ldr	r3, [r2]
 718 0036 1021     		movs	r1, #16
 719 0038 0B43     		orrs	r3, r1
 720 003a 1360     		str	r3, [r2]
 721              	.L30:
 116:Core/Src/main.c ****   {
 722              		.loc 1 116 3 view .LVU201
 121:Core/Src/main.c ****     {
 723              		.loc 1 121 5 view .LVU202
 121:Core/Src/main.c ****     {
 724              		.loc 1 121 9 is_stmt 0 view .LVU203
 725 003c 0A48     		ldr	r0, .L32
 726 003e 7F22     		movs	r2, #127
 727 0040 6946     		mov	r1, sp
 728 0042 FFF7FEFF 		bl	HAL_UARTEx_ReceiveToIdle_DMA
 729              	.LVL35:
 121:Core/Src/main.c ****     {
 730              		.loc 1 121 8 discriminator 1 view .LVU204
 731 0046 0028     		cmp	r0, #0
 732 0048 F8D1     		bne	.L30
 123:Core/Src/main.c **** 
 733              		.loc 1 123 7 is_stmt 1 view .LVU205
 734 004a 6846     		mov	r0, sp
 735 004c FFF7FEFF 		bl	controlDevice
 736              	.LVL36:
 125:Core/Src/main.c ****       memset(rbuf, 0, sizeof(rbuf));
 737              		.loc 1 125 7 view .LVU206
 738 0050 8022     		movs	r2, #128
 739 0052 0021     		movs	r1, #0
 740 0054 20A8     		add	r0, sp, #128
 741 0056 FFF7FEFF 		bl	memset
 742              	.LVL37:
 126:Core/Src/main.c ****     }
 743              		.loc 1 126 7 view .LVU207
 744 005a 8022     		movs	r2, #128
 745 005c 0021     		movs	r1, #0
 746 005e 6846     		mov	r0, sp
 747 0060 FFF7FEFF 		bl	memset
 748              	.LVL38:
 749 0064 EAE7     		b	.L30
 750              	.L33:
 751 0066 C046     		.align	2
ARM GAS  C:\Users\Hero\AppData\Local\Temp\ccBNgvwY.s 			page 25


 752              	.L32:
 753 0068 00000000 		.word	huart1
 754              		.cfi_endproc
 755              	.LFE43:
 757              		.global	hdma_usart1_tx
 758              		.section	.bss.hdma_usart1_tx,"aw",%nobits
 759              		.align	2
 762              	hdma_usart1_tx:
 763 0000 00000000 		.space	68
 763      00000000 
 763      00000000 
 763      00000000 
 763      00000000 
 764              		.global	hdma_usart1_rx
 765              		.section	.bss.hdma_usart1_rx,"aw",%nobits
 766              		.align	2
 769              	hdma_usart1_rx:
 770 0000 00000000 		.space	68
 770      00000000 
 770      00000000 
 770      00000000 
 770      00000000 
 771              		.global	huart2
 772              		.section	.bss.huart2,"aw",%nobits
 773              		.align	2
 776              	huart2:
 777 0000 00000000 		.space	136
 777      00000000 
 777      00000000 
 777      00000000 
 777      00000000 
 778              		.global	huart1
 779              		.section	.bss.huart1,"aw",%nobits
 780              		.align	2
 783              	huart1:
 784 0000 00000000 		.space	136
 784      00000000 
 784      00000000 
 784      00000000 
 784      00000000 
 785              		.text
 786              	.Letext0:
 787              		.file 3 "Drivers/CMSIS/Device/ST/STM32F0xx/Include/stm32f030x8.h"
 788              		.file 4 "D:/ARMTOOLCHAINCMAKE/ARM-GNU-TOOLCHAIN-13.3.REL1/arm-none-eabi/include/machine/_default_t
 789              		.file 5 "D:/ARMTOOLCHAINCMAKE/ARM-GNU-TOOLCHAIN-13.3.REL1/arm-none-eabi/include/sys/_stdint.h"
 790              		.file 6 "D:/ARMTOOLCHAINCMAKE/ARM-GNU-TOOLCHAIN-13.3.REL1/lib/gcc/arm-none-eabi/13.3.1/include/std
 791              		.file 7 "Drivers/STM32F0xx_HAL_Driver/Inc/stm32f0xx_hal_def.h"
 792              		.file 8 "Drivers/STM32F0xx_HAL_Driver/Inc/stm32f0xx_hal_rcc.h"
 793              		.file 9 "Drivers/STM32F0xx_HAL_Driver/Inc/stm32f0xx_hal_rcc_ex.h"
 794              		.file 10 "Drivers/STM32F0xx_HAL_Driver/Inc/stm32f0xx_hal_gpio.h"
 795              		.file 11 "Drivers/STM32F0xx_HAL_Driver/Inc/stm32f0xx_hal_dma.h"
 796              		.file 12 "Drivers/STM32F0xx_HAL_Driver/Inc/stm32f0xx_hal_uart.h"
 797              		.file 13 "D:/ARMTOOLCHAINCMAKE/ARM-GNU-TOOLCHAIN-13.3.REL1/lib/gcc/arm-none-eabi/13.3.1/include/st
 798              		.file 14 "D:/ARMTOOLCHAINCMAKE/ARM-GNU-TOOLCHAIN-13.3.REL1/arm-none-eabi/include/string.h"
 799              		.file 15 "D:/ARMTOOLCHAINCMAKE/ARM-GNU-TOOLCHAIN-13.3.REL1/arm-none-eabi/include/stdio.h"
 800              		.file 16 "Drivers/STM32F0xx_HAL_Driver/Inc/stm32f0xx_hal_cortex.h"
 801              		.file 17 "my_lib/device_control/device_control.h"
ARM GAS  C:\Users\Hero\AppData\Local\Temp\ccBNgvwY.s 			page 26


 802              		.file 18 "Drivers/STM32F0xx_HAL_Driver/Inc/stm32f0xx_hal_uart_ex.h"
 803              		.file 19 "<built-in>"
 804              		.file 20 "Drivers/STM32F0xx_HAL_Driver/Inc/stm32f0xx_hal.h"
ARM GAS  C:\Users\Hero\AppData\Local\Temp\ccBNgvwY.s 			page 27


DEFINED SYMBOLS
                            *ABS*:00000000 main.c
C:\Users\Hero\AppData\Local\Temp\ccBNgvwY.s:19     .text.MX_GPIO_Init:00000000 $t
C:\Users\Hero\AppData\Local\Temp\ccBNgvwY.s:24     .text.MX_GPIO_Init:00000000 MX_GPIO_Init
C:\Users\Hero\AppData\Local\Temp\ccBNgvwY.s:227    .text.MX_GPIO_Init:000000e0 $d
C:\Users\Hero\AppData\Local\Temp\ccBNgvwY.s:235    .text.MX_DMA_Init:00000000 $t
C:\Users\Hero\AppData\Local\Temp\ccBNgvwY.s:240    .text.MX_DMA_Init:00000000 MX_DMA_Init
C:\Users\Hero\AppData\Local\Temp\ccBNgvwY.s:285    .text.MX_DMA_Init:0000002c $d
C:\Users\Hero\AppData\Local\Temp\ccBNgvwY.s:290    .text.BL_Printf:00000000 $t
C:\Users\Hero\AppData\Local\Temp\ccBNgvwY.s:296    .text.BL_Printf:00000000 BL_Printf
C:\Users\Hero\AppData\Local\Temp\ccBNgvwY.s:345    .text.BL_Printf:00000030 $d
C:\Users\Hero\AppData\Local\Temp\ccBNgvwY.s:783    .bss.huart1:00000000 huart1
C:\Users\Hero\AppData\Local\Temp\ccBNgvwY.s:350    .text.Error_Handler:00000000 $t
C:\Users\Hero\AppData\Local\Temp\ccBNgvwY.s:356    .text.Error_Handler:00000000 Error_Handler
C:\Users\Hero\AppData\Local\Temp\ccBNgvwY.s:388    .text.MX_USART1_UART_Init:00000000 $t
C:\Users\Hero\AppData\Local\Temp\ccBNgvwY.s:393    .text.MX_USART1_UART_Init:00000000 MX_USART1_UART_Init
C:\Users\Hero\AppData\Local\Temp\ccBNgvwY.s:456    .text.MX_USART1_UART_Init:00000030 $d
C:\Users\Hero\AppData\Local\Temp\ccBNgvwY.s:462    .text.MX_USART2_UART_Init:00000000 $t
C:\Users\Hero\AppData\Local\Temp\ccBNgvwY.s:467    .text.MX_USART2_UART_Init:00000000 MX_USART2_UART_Init
C:\Users\Hero\AppData\Local\Temp\ccBNgvwY.s:530    .text.MX_USART2_UART_Init:00000030 $d
C:\Users\Hero\AppData\Local\Temp\ccBNgvwY.s:776    .bss.huart2:00000000 huart2
C:\Users\Hero\AppData\Local\Temp\ccBNgvwY.s:536    .text.SystemClock_Config:00000000 $t
C:\Users\Hero\AppData\Local\Temp\ccBNgvwY.s:542    .text.SystemClock_Config:00000000 SystemClock_Config
C:\Users\Hero\AppData\Local\Temp\ccBNgvwY.s:664    .text.main:00000000 $t
C:\Users\Hero\AppData\Local\Temp\ccBNgvwY.s:670    .text.main:00000000 main
C:\Users\Hero\AppData\Local\Temp\ccBNgvwY.s:753    .text.main:00000068 $d
C:\Users\Hero\AppData\Local\Temp\ccBNgvwY.s:762    .bss.hdma_usart1_tx:00000000 hdma_usart1_tx
C:\Users\Hero\AppData\Local\Temp\ccBNgvwY.s:759    .bss.hdma_usart1_tx:00000000 $d
C:\Users\Hero\AppData\Local\Temp\ccBNgvwY.s:769    .bss.hdma_usart1_rx:00000000 hdma_usart1_rx
C:\Users\Hero\AppData\Local\Temp\ccBNgvwY.s:766    .bss.hdma_usart1_rx:00000000 $d
C:\Users\Hero\AppData\Local\Temp\ccBNgvwY.s:773    .bss.huart2:00000000 $d
C:\Users\Hero\AppData\Local\Temp\ccBNgvwY.s:780    .bss.huart1:00000000 $d

UNDEFINED SYMBOLS
memset
HAL_GPIO_WritePin
HAL_GPIO_Init
HAL_NVIC_SetPriority
HAL_NVIC_EnableIRQ
vsnprintf
strlen
HAL_UART_Transmit
HAL_UART_Init
HAL_RCC_OscConfig
HAL_RCC_ClockConfig
HAL_RCCEx_PeriphCLKConfig
HAL_Init
HAL_UARTEx_ReceiveToIdle_DMA
controlDevice
