ARM GAS  C:\Users\Hero\AppData\Local\Temp\cc50tBV3.s 			page 1


   1              		.cpu cortex-m0
   2              		.arch armv6s-m
   3              		.fpu softvfp
   4              		.eabi_attribute 20, 1
   5              		.eabi_attribute 21, 1
   6              		.eabi_attribute 23, 3
   7              		.eabi_attribute 24, 1
   8              		.eabi_attribute 25, 1
   9              		.eabi_attribute 26, 1
  10              		.eabi_attribute 30, 1
  11              		.eabi_attribute 34, 0
  12              		.eabi_attribute 18, 4
  13              		.file	"stm32f0xx_hal_msp.c"
  14              		.text
  15              	.Ltext0:
  16              		.cfi_sections	.debug_frame
  17              		.file 1 "Core/Src/stm32f0xx_hal_msp.c"
  18              		.section	.text.HAL_MspInit,"ax",%progbits
  19              		.align	1
  20              		.global	HAL_MspInit
  21              		.syntax unified
  22              		.code	16
  23              		.thumb_func
  25              	HAL_MspInit:
  26              	.LFB40:
   1:Core/Src/stm32f0xx_hal_msp.c **** 
   2:Core/Src/stm32f0xx_hal_msp.c **** /* USER CODE BEGIN Header */
   3:Core/Src/stm32f0xx_hal_msp.c **** /**
   4:Core/Src/stm32f0xx_hal_msp.c ****   ******************************************************************************
   5:Core/Src/stm32f0xx_hal_msp.c ****   * @file         stm32f0xx_hal_msp.c
   6:Core/Src/stm32f0xx_hal_msp.c ****   * @brief        This file provides code for the MSP Initialization
   7:Core/Src/stm32f0xx_hal_msp.c ****   *               and de-Initialization codes.
   8:Core/Src/stm32f0xx_hal_msp.c ****   ******************************************************************************
   9:Core/Src/stm32f0xx_hal_msp.c ****   * @attention
  10:Core/Src/stm32f0xx_hal_msp.c ****   *
  11:Core/Src/stm32f0xx_hal_msp.c ****   * Copyright (c) 2024 STMicroelectronics.
  12:Core/Src/stm32f0xx_hal_msp.c ****   * All rights reserved.
  13:Core/Src/stm32f0xx_hal_msp.c ****   *
  14:Core/Src/stm32f0xx_hal_msp.c ****   * This software is licensed under terms that can be found in the LICENSE file
  15:Core/Src/stm32f0xx_hal_msp.c ****   * in the root directory of this software component.
  16:Core/Src/stm32f0xx_hal_msp.c ****   * If no LICENSE file comes with this software, it is provided AS-IS.
  17:Core/Src/stm32f0xx_hal_msp.c ****   *
  18:Core/Src/stm32f0xx_hal_msp.c ****   ******************************************************************************
  19:Core/Src/stm32f0xx_hal_msp.c ****   */
  20:Core/Src/stm32f0xx_hal_msp.c **** /* USER CODE END Header */
  21:Core/Src/stm32f0xx_hal_msp.c **** 
  22:Core/Src/stm32f0xx_hal_msp.c **** /* Includes ------------------------------------------------------------------*/
  23:Core/Src/stm32f0xx_hal_msp.c **** #include "main.h"
  24:Core/Src/stm32f0xx_hal_msp.c **** /* USER CODE BEGIN Includes */
  25:Core/Src/stm32f0xx_hal_msp.c **** 
  26:Core/Src/stm32f0xx_hal_msp.c **** /* USER CODE END Includes */
  27:Core/Src/stm32f0xx_hal_msp.c **** extern DMA_HandleTypeDef hdma_usart1_rx;
  28:Core/Src/stm32f0xx_hal_msp.c **** 
  29:Core/Src/stm32f0xx_hal_msp.c **** extern DMA_HandleTypeDef hdma_usart1_tx;
  30:Core/Src/stm32f0xx_hal_msp.c **** 
  31:Core/Src/stm32f0xx_hal_msp.c **** /* Private typedef -----------------------------------------------------------*/
  32:Core/Src/stm32f0xx_hal_msp.c **** /* USER CODE BEGIN TD */
ARM GAS  C:\Users\Hero\AppData\Local\Temp\cc50tBV3.s 			page 2


  33:Core/Src/stm32f0xx_hal_msp.c **** 
  34:Core/Src/stm32f0xx_hal_msp.c **** /* USER CODE END TD */
  35:Core/Src/stm32f0xx_hal_msp.c **** 
  36:Core/Src/stm32f0xx_hal_msp.c **** /* Private define ------------------------------------------------------------*/
  37:Core/Src/stm32f0xx_hal_msp.c **** /* USER CODE BEGIN Define */
  38:Core/Src/stm32f0xx_hal_msp.c **** 
  39:Core/Src/stm32f0xx_hal_msp.c **** /* USER CODE END Define */
  40:Core/Src/stm32f0xx_hal_msp.c **** 
  41:Core/Src/stm32f0xx_hal_msp.c **** /* Private macro -------------------------------------------------------------*/
  42:Core/Src/stm32f0xx_hal_msp.c **** /* USER CODE BEGIN Macro */
  43:Core/Src/stm32f0xx_hal_msp.c **** 
  44:Core/Src/stm32f0xx_hal_msp.c **** /* USER CODE END Macro */
  45:Core/Src/stm32f0xx_hal_msp.c **** 
  46:Core/Src/stm32f0xx_hal_msp.c **** /* Private variables ---------------------------------------------------------*/
  47:Core/Src/stm32f0xx_hal_msp.c **** /* USER CODE BEGIN PV */
  48:Core/Src/stm32f0xx_hal_msp.c **** 
  49:Core/Src/stm32f0xx_hal_msp.c **** /* USER CODE END PV */
  50:Core/Src/stm32f0xx_hal_msp.c **** 
  51:Core/Src/stm32f0xx_hal_msp.c **** /* Private function prototypes -----------------------------------------------*/
  52:Core/Src/stm32f0xx_hal_msp.c **** /* USER CODE BEGIN PFP */
  53:Core/Src/stm32f0xx_hal_msp.c **** 
  54:Core/Src/stm32f0xx_hal_msp.c **** /* USER CODE END PFP */
  55:Core/Src/stm32f0xx_hal_msp.c **** 
  56:Core/Src/stm32f0xx_hal_msp.c **** /* External functions --------------------------------------------------------*/
  57:Core/Src/stm32f0xx_hal_msp.c **** /* USER CODE BEGIN ExternalFunctions */
  58:Core/Src/stm32f0xx_hal_msp.c **** 
  59:Core/Src/stm32f0xx_hal_msp.c **** /* USER CODE END ExternalFunctions */
  60:Core/Src/stm32f0xx_hal_msp.c **** 
  61:Core/Src/stm32f0xx_hal_msp.c **** /* USER CODE BEGIN 0 */
  62:Core/Src/stm32f0xx_hal_msp.c **** 
  63:Core/Src/stm32f0xx_hal_msp.c **** /* USER CODE END 0 */
  64:Core/Src/stm32f0xx_hal_msp.c **** /**
  65:Core/Src/stm32f0xx_hal_msp.c ****   * Initializes the Global MSP.
  66:Core/Src/stm32f0xx_hal_msp.c ****   */
  67:Core/Src/stm32f0xx_hal_msp.c **** void HAL_MspInit(void)
  68:Core/Src/stm32f0xx_hal_msp.c **** {
  27              		.loc 1 68 1 view -0
  28              		.cfi_startproc
  29              		@ args = 0, pretend = 0, frame = 8
  30              		@ frame_needed = 0, uses_anonymous_args = 0
  31              		@ link register save eliminated.
  32 0000 82B0     		sub	sp, sp, #8
  33              		.cfi_def_cfa_offset 8
  69:Core/Src/stm32f0xx_hal_msp.c **** 
  70:Core/Src/stm32f0xx_hal_msp.c ****   /* USER CODE BEGIN MspInit 0 */
  71:Core/Src/stm32f0xx_hal_msp.c **** 
  72:Core/Src/stm32f0xx_hal_msp.c ****   /* USER CODE END MspInit 0 */
  73:Core/Src/stm32f0xx_hal_msp.c **** 
  74:Core/Src/stm32f0xx_hal_msp.c ****   __HAL_RCC_SYSCFG_CLK_ENABLE();
  34              		.loc 1 74 3 view .LVU1
  35              	.LBB2:
  36              		.loc 1 74 3 view .LVU2
  37              		.loc 1 74 3 view .LVU3
  38 0002 0A4B     		ldr	r3, .L2
  39 0004 9969     		ldr	r1, [r3, #24]
  40 0006 0122     		movs	r2, #1
  41 0008 1143     		orrs	r1, r2
ARM GAS  C:\Users\Hero\AppData\Local\Temp\cc50tBV3.s 			page 3


  42 000a 9961     		str	r1, [r3, #24]
  43              		.loc 1 74 3 view .LVU4
  44 000c 9969     		ldr	r1, [r3, #24]
  45 000e 0A40     		ands	r2, r1
  46 0010 0092     		str	r2, [sp]
  47              		.loc 1 74 3 view .LVU5
  48 0012 009A     		ldr	r2, [sp]
  49              	.LBE2:
  50              		.loc 1 74 3 view .LVU6
  75:Core/Src/stm32f0xx_hal_msp.c ****   __HAL_RCC_PWR_CLK_ENABLE();
  51              		.loc 1 75 3 view .LVU7
  52              	.LBB3:
  53              		.loc 1 75 3 view .LVU8
  54              		.loc 1 75 3 view .LVU9
  55 0014 DA69     		ldr	r2, [r3, #28]
  56 0016 8021     		movs	r1, #128
  57 0018 4905     		lsls	r1, r1, #21
  58 001a 0A43     		orrs	r2, r1
  59 001c DA61     		str	r2, [r3, #28]
  60              		.loc 1 75 3 view .LVU10
  61 001e DB69     		ldr	r3, [r3, #28]
  62 0020 0B40     		ands	r3, r1
  63 0022 0193     		str	r3, [sp, #4]
  64              		.loc 1 75 3 view .LVU11
  65 0024 019B     		ldr	r3, [sp, #4]
  66              	.LBE3:
  67              		.loc 1 75 3 view .LVU12
  76:Core/Src/stm32f0xx_hal_msp.c **** 
  77:Core/Src/stm32f0xx_hal_msp.c ****   /* System interrupt init*/
  78:Core/Src/stm32f0xx_hal_msp.c **** 
  79:Core/Src/stm32f0xx_hal_msp.c ****   /* USER CODE BEGIN MspInit 1 */
  80:Core/Src/stm32f0xx_hal_msp.c **** 
  81:Core/Src/stm32f0xx_hal_msp.c ****   /* USER CODE END MspInit 1 */
  82:Core/Src/stm32f0xx_hal_msp.c **** }
  68              		.loc 1 82 1 is_stmt 0 view .LVU13
  69 0026 02B0     		add	sp, sp, #8
  70              		@ sp needed
  71 0028 7047     		bx	lr
  72              	.L3:
  73 002a C046     		.align	2
  74              	.L2:
  75 002c 00100240 		.word	1073876992
  76              		.cfi_endproc
  77              	.LFE40:
  79              		.section	.text.HAL_UART_MspInit,"ax",%progbits
  80              		.align	1
  81              		.global	HAL_UART_MspInit
  82              		.syntax unified
  83              		.code	16
  84              		.thumb_func
  86              	HAL_UART_MspInit:
  87              	.LVL0:
  88              	.LFB41:
  83:Core/Src/stm32f0xx_hal_msp.c **** 
  84:Core/Src/stm32f0xx_hal_msp.c **** /**
  85:Core/Src/stm32f0xx_hal_msp.c **** * @brief UART MSP Initialization
  86:Core/Src/stm32f0xx_hal_msp.c **** * This function configures the hardware resources used in this example
ARM GAS  C:\Users\Hero\AppData\Local\Temp\cc50tBV3.s 			page 4


  87:Core/Src/stm32f0xx_hal_msp.c **** * @param huart: UART handle pointer
  88:Core/Src/stm32f0xx_hal_msp.c **** * @retval None
  89:Core/Src/stm32f0xx_hal_msp.c **** */
  90:Core/Src/stm32f0xx_hal_msp.c **** void HAL_UART_MspInit(UART_HandleTypeDef* huart)
  91:Core/Src/stm32f0xx_hal_msp.c **** {
  89              		.loc 1 91 1 is_stmt 1 view -0
  90              		.cfi_startproc
  91              		@ args = 0, pretend = 0, frame = 40
  92              		@ frame_needed = 0, uses_anonymous_args = 0
  93              		.loc 1 91 1 is_stmt 0 view .LVU15
  94 0000 10B5     		push	{r4, lr}
  95              		.cfi_def_cfa_offset 8
  96              		.cfi_offset 4, -8
  97              		.cfi_offset 14, -4
  98 0002 8AB0     		sub	sp, sp, #40
  99              		.cfi_def_cfa_offset 48
 100 0004 0400     		movs	r4, r0
  92:Core/Src/stm32f0xx_hal_msp.c ****   GPIO_InitTypeDef GPIO_InitStruct = {0};
 101              		.loc 1 92 3 is_stmt 1 view .LVU16
 102              		.loc 1 92 20 is_stmt 0 view .LVU17
 103 0006 1422     		movs	r2, #20
 104 0008 0021     		movs	r1, #0
 105 000a 05A8     		add	r0, sp, #20
 106              	.LVL1:
 107              		.loc 1 92 20 view .LVU18
 108 000c FFF7FEFF 		bl	memset
 109              	.LVL2:
  93:Core/Src/stm32f0xx_hal_msp.c ****   if(huart->Instance==USART1)
 110              		.loc 1 93 3 is_stmt 1 view .LVU19
 111              		.loc 1 93 11 is_stmt 0 view .LVU20
 112 0010 2368     		ldr	r3, [r4]
 113              		.loc 1 93 5 view .LVU21
 114 0012 3F4A     		ldr	r2, .L13
 115 0014 9342     		cmp	r3, r2
 116 0016 04D0     		beq	.L9
  94:Core/Src/stm32f0xx_hal_msp.c ****   {
  95:Core/Src/stm32f0xx_hal_msp.c ****   /* USER CODE BEGIN USART1_MspInit 0 */
  96:Core/Src/stm32f0xx_hal_msp.c **** 
  97:Core/Src/stm32f0xx_hal_msp.c ****   /* USER CODE END USART1_MspInit 0 */
  98:Core/Src/stm32f0xx_hal_msp.c ****     /* Peripheral clock enable */
  99:Core/Src/stm32f0xx_hal_msp.c ****     __HAL_RCC_USART1_CLK_ENABLE();
 100:Core/Src/stm32f0xx_hal_msp.c **** 
 101:Core/Src/stm32f0xx_hal_msp.c ****     __HAL_RCC_GPIOA_CLK_ENABLE();
 102:Core/Src/stm32f0xx_hal_msp.c ****     /**USART1 GPIO Configuration
 103:Core/Src/stm32f0xx_hal_msp.c ****     PA9     ------> USART1_TX
 104:Core/Src/stm32f0xx_hal_msp.c ****     PA10     ------> USART1_RX
 105:Core/Src/stm32f0xx_hal_msp.c ****     */
 106:Core/Src/stm32f0xx_hal_msp.c ****     GPIO_InitStruct.Pin = GPIO_PIN_9|GPIO_PIN_10;
 107:Core/Src/stm32f0xx_hal_msp.c ****     GPIO_InitStruct.Mode = GPIO_MODE_AF_PP;
 108:Core/Src/stm32f0xx_hal_msp.c ****     GPIO_InitStruct.Pull = GPIO_NOPULL;
 109:Core/Src/stm32f0xx_hal_msp.c ****     GPIO_InitStruct.Speed = GPIO_SPEED_FREQ_HIGH;
 110:Core/Src/stm32f0xx_hal_msp.c ****     GPIO_InitStruct.Alternate = GPIO_AF1_USART1;
 111:Core/Src/stm32f0xx_hal_msp.c ****     HAL_GPIO_Init(GPIOA, &GPIO_InitStruct);
 112:Core/Src/stm32f0xx_hal_msp.c **** 
 113:Core/Src/stm32f0xx_hal_msp.c ****     /* USART1 DMA Init */
 114:Core/Src/stm32f0xx_hal_msp.c ****     /* USART1_RX Init */
 115:Core/Src/stm32f0xx_hal_msp.c ****     hdma_usart1_rx.Instance = DMA1_Channel3;
ARM GAS  C:\Users\Hero\AppData\Local\Temp\cc50tBV3.s 			page 5


 116:Core/Src/stm32f0xx_hal_msp.c ****     hdma_usart1_rx.Init.Direction = DMA_PERIPH_TO_MEMORY;
 117:Core/Src/stm32f0xx_hal_msp.c ****     hdma_usart1_rx.Init.PeriphInc = DMA_PINC_DISABLE;
 118:Core/Src/stm32f0xx_hal_msp.c ****     hdma_usart1_rx.Init.MemInc = DMA_MINC_ENABLE;
 119:Core/Src/stm32f0xx_hal_msp.c ****     hdma_usart1_rx.Init.PeriphDataAlignment = DMA_PDATAALIGN_BYTE;
 120:Core/Src/stm32f0xx_hal_msp.c ****     hdma_usart1_rx.Init.MemDataAlignment = DMA_MDATAALIGN_BYTE;
 121:Core/Src/stm32f0xx_hal_msp.c ****     hdma_usart1_rx.Init.Mode = DMA_NORMAL;
 122:Core/Src/stm32f0xx_hal_msp.c ****     hdma_usart1_rx.Init.Priority = DMA_PRIORITY_LOW;
 123:Core/Src/stm32f0xx_hal_msp.c ****     if (HAL_DMA_Init(&hdma_usart1_rx) != HAL_OK)
 124:Core/Src/stm32f0xx_hal_msp.c ****     {
 125:Core/Src/stm32f0xx_hal_msp.c ****       Error_Handler();
 126:Core/Src/stm32f0xx_hal_msp.c ****     }
 127:Core/Src/stm32f0xx_hal_msp.c **** 
 128:Core/Src/stm32f0xx_hal_msp.c ****     __HAL_LINKDMA(huart,hdmarx,hdma_usart1_rx);
 129:Core/Src/stm32f0xx_hal_msp.c **** 
 130:Core/Src/stm32f0xx_hal_msp.c ****     /* USART1_TX Init */
 131:Core/Src/stm32f0xx_hal_msp.c ****     hdma_usart1_tx.Instance = DMA1_Channel2;
 132:Core/Src/stm32f0xx_hal_msp.c ****     hdma_usart1_tx.Init.Direction = DMA_MEMORY_TO_PERIPH;
 133:Core/Src/stm32f0xx_hal_msp.c ****     hdma_usart1_tx.Init.PeriphInc = DMA_PINC_DISABLE;
 134:Core/Src/stm32f0xx_hal_msp.c ****     hdma_usart1_tx.Init.MemInc = DMA_MINC_ENABLE;
 135:Core/Src/stm32f0xx_hal_msp.c ****     hdma_usart1_tx.Init.PeriphDataAlignment = DMA_PDATAALIGN_BYTE;
 136:Core/Src/stm32f0xx_hal_msp.c ****     hdma_usart1_tx.Init.MemDataAlignment = DMA_MDATAALIGN_BYTE;
 137:Core/Src/stm32f0xx_hal_msp.c ****     hdma_usart1_tx.Init.Mode = DMA_NORMAL;
 138:Core/Src/stm32f0xx_hal_msp.c ****     hdma_usart1_tx.Init.Priority = DMA_PRIORITY_LOW;
 139:Core/Src/stm32f0xx_hal_msp.c ****     if (HAL_DMA_Init(&hdma_usart1_tx) != HAL_OK)
 140:Core/Src/stm32f0xx_hal_msp.c ****     {
 141:Core/Src/stm32f0xx_hal_msp.c ****       Error_Handler();
 142:Core/Src/stm32f0xx_hal_msp.c ****     }
 143:Core/Src/stm32f0xx_hal_msp.c **** 
 144:Core/Src/stm32f0xx_hal_msp.c ****     __HAL_LINKDMA(huart,hdmatx,hdma_usart1_tx);
 145:Core/Src/stm32f0xx_hal_msp.c **** 
 146:Core/Src/stm32f0xx_hal_msp.c ****     /* USART1 interrupt Init */
 147:Core/Src/stm32f0xx_hal_msp.c ****     HAL_NVIC_SetPriority(USART1_IRQn, 0, 0);
 148:Core/Src/stm32f0xx_hal_msp.c ****     HAL_NVIC_EnableIRQ(USART1_IRQn);
 149:Core/Src/stm32f0xx_hal_msp.c ****   /* USER CODE BEGIN USART1_MspInit 1 */
 150:Core/Src/stm32f0xx_hal_msp.c **** 
 151:Core/Src/stm32f0xx_hal_msp.c ****   /* USER CODE END USART1_MspInit 1 */
 152:Core/Src/stm32f0xx_hal_msp.c ****   }
 153:Core/Src/stm32f0xx_hal_msp.c ****   else if(huart->Instance==USART2)
 117              		.loc 1 153 8 is_stmt 1 view .LVU22
 118              		.loc 1 153 10 is_stmt 0 view .LVU23
 119 0018 3E4A     		ldr	r2, .L13+4
 120 001a 9342     		cmp	r3, r2
 121 001c 58D0     		beq	.L10
 122              	.L4:
 154:Core/Src/stm32f0xx_hal_msp.c ****   {
 155:Core/Src/stm32f0xx_hal_msp.c ****   /* USER CODE BEGIN USART2_MspInit 0 */
 156:Core/Src/stm32f0xx_hal_msp.c **** 
 157:Core/Src/stm32f0xx_hal_msp.c ****   /* USER CODE END USART2_MspInit 0 */
 158:Core/Src/stm32f0xx_hal_msp.c ****     /* Peripheral clock enable */
 159:Core/Src/stm32f0xx_hal_msp.c ****     __HAL_RCC_USART2_CLK_ENABLE();
 160:Core/Src/stm32f0xx_hal_msp.c **** 
 161:Core/Src/stm32f0xx_hal_msp.c ****     __HAL_RCC_GPIOA_CLK_ENABLE();
 162:Core/Src/stm32f0xx_hal_msp.c ****     /**USART2 GPIO Configuration
 163:Core/Src/stm32f0xx_hal_msp.c ****     PA2     ------> USART2_TX
 164:Core/Src/stm32f0xx_hal_msp.c ****     PA3     ------> USART2_RX
 165:Core/Src/stm32f0xx_hal_msp.c ****     */
 166:Core/Src/stm32f0xx_hal_msp.c ****     GPIO_InitStruct.Pin = GPIO_PIN_2|GPIO_PIN_3;
ARM GAS  C:\Users\Hero\AppData\Local\Temp\cc50tBV3.s 			page 6


 167:Core/Src/stm32f0xx_hal_msp.c ****     GPIO_InitStruct.Mode = GPIO_MODE_AF_PP;
 168:Core/Src/stm32f0xx_hal_msp.c ****     GPIO_InitStruct.Pull = GPIO_NOPULL;
 169:Core/Src/stm32f0xx_hal_msp.c ****     GPIO_InitStruct.Speed = GPIO_SPEED_FREQ_HIGH;
 170:Core/Src/stm32f0xx_hal_msp.c ****     GPIO_InitStruct.Alternate = GPIO_AF1_USART2;
 171:Core/Src/stm32f0xx_hal_msp.c ****     HAL_GPIO_Init(GPIOA, &GPIO_InitStruct);
 172:Core/Src/stm32f0xx_hal_msp.c **** 
 173:Core/Src/stm32f0xx_hal_msp.c ****   /* USER CODE BEGIN USART2_MspInit 1 */
 174:Core/Src/stm32f0xx_hal_msp.c **** 
 175:Core/Src/stm32f0xx_hal_msp.c ****   /* USER CODE END USART2_MspInit 1 */
 176:Core/Src/stm32f0xx_hal_msp.c ****   }
 177:Core/Src/stm32f0xx_hal_msp.c **** 
 178:Core/Src/stm32f0xx_hal_msp.c **** }
 123              		.loc 1 178 1 view .LVU24
 124 001e 0AB0     		add	sp, sp, #40
 125              		@ sp needed
 126              	.LVL3:
 127              		.loc 1 178 1 view .LVU25
 128 0020 10BD     		pop	{r4, pc}
 129              	.LVL4:
 130              	.L9:
  99:Core/Src/stm32f0xx_hal_msp.c **** 
 131              		.loc 1 99 5 is_stmt 1 view .LVU26
 132              	.LBB4:
  99:Core/Src/stm32f0xx_hal_msp.c **** 
 133              		.loc 1 99 5 view .LVU27
  99:Core/Src/stm32f0xx_hal_msp.c **** 
 134              		.loc 1 99 5 view .LVU28
 135 0022 3D4B     		ldr	r3, .L13+8
 136 0024 9A69     		ldr	r2, [r3, #24]
 137 0026 8021     		movs	r1, #128
 138 0028 C901     		lsls	r1, r1, #7
 139 002a 0A43     		orrs	r2, r1
 140 002c 9A61     		str	r2, [r3, #24]
  99:Core/Src/stm32f0xx_hal_msp.c **** 
 141              		.loc 1 99 5 view .LVU29
 142 002e 9A69     		ldr	r2, [r3, #24]
 143 0030 0A40     		ands	r2, r1
 144 0032 0192     		str	r2, [sp, #4]
  99:Core/Src/stm32f0xx_hal_msp.c **** 
 145              		.loc 1 99 5 view .LVU30
 146 0034 019A     		ldr	r2, [sp, #4]
 147              	.LBE4:
  99:Core/Src/stm32f0xx_hal_msp.c **** 
 148              		.loc 1 99 5 view .LVU31
 101:Core/Src/stm32f0xx_hal_msp.c ****     /**USART1 GPIO Configuration
 149              		.loc 1 101 5 view .LVU32
 150              	.LBB5:
 101:Core/Src/stm32f0xx_hal_msp.c ****     /**USART1 GPIO Configuration
 151              		.loc 1 101 5 view .LVU33
 101:Core/Src/stm32f0xx_hal_msp.c ****     /**USART1 GPIO Configuration
 152              		.loc 1 101 5 view .LVU34
 153 0036 5A69     		ldr	r2, [r3, #20]
 154 0038 8021     		movs	r1, #128
 155 003a 8902     		lsls	r1, r1, #10
 156 003c 0A43     		orrs	r2, r1
 157 003e 5A61     		str	r2, [r3, #20]
 101:Core/Src/stm32f0xx_hal_msp.c ****     /**USART1 GPIO Configuration
ARM GAS  C:\Users\Hero\AppData\Local\Temp\cc50tBV3.s 			page 7


 158              		.loc 1 101 5 view .LVU35
 159 0040 5B69     		ldr	r3, [r3, #20]
 160 0042 0B40     		ands	r3, r1
 161 0044 0293     		str	r3, [sp, #8]
 101:Core/Src/stm32f0xx_hal_msp.c ****     /**USART1 GPIO Configuration
 162              		.loc 1 101 5 view .LVU36
 163 0046 029B     		ldr	r3, [sp, #8]
 164              	.LBE5:
 101:Core/Src/stm32f0xx_hal_msp.c ****     /**USART1 GPIO Configuration
 165              		.loc 1 101 5 view .LVU37
 106:Core/Src/stm32f0xx_hal_msp.c ****     GPIO_InitStruct.Mode = GPIO_MODE_AF_PP;
 166              		.loc 1 106 5 view .LVU38
 106:Core/Src/stm32f0xx_hal_msp.c ****     GPIO_InitStruct.Mode = GPIO_MODE_AF_PP;
 167              		.loc 1 106 25 is_stmt 0 view .LVU39
 168 0048 C023     		movs	r3, #192
 169 004a DB00     		lsls	r3, r3, #3
 170 004c 0593     		str	r3, [sp, #20]
 107:Core/Src/stm32f0xx_hal_msp.c ****     GPIO_InitStruct.Pull = GPIO_NOPULL;
 171              		.loc 1 107 5 is_stmt 1 view .LVU40
 107:Core/Src/stm32f0xx_hal_msp.c ****     GPIO_InitStruct.Pull = GPIO_NOPULL;
 172              		.loc 1 107 26 is_stmt 0 view .LVU41
 173 004e 0223     		movs	r3, #2
 174 0050 0693     		str	r3, [sp, #24]
 108:Core/Src/stm32f0xx_hal_msp.c ****     GPIO_InitStruct.Speed = GPIO_SPEED_FREQ_HIGH;
 175              		.loc 1 108 5 is_stmt 1 view .LVU42
 109:Core/Src/stm32f0xx_hal_msp.c ****     GPIO_InitStruct.Alternate = GPIO_AF1_USART1;
 176              		.loc 1 109 5 view .LVU43
 109:Core/Src/stm32f0xx_hal_msp.c ****     GPIO_InitStruct.Alternate = GPIO_AF1_USART1;
 177              		.loc 1 109 27 is_stmt 0 view .LVU44
 178 0052 0133     		adds	r3, r3, #1
 179 0054 0893     		str	r3, [sp, #32]
 110:Core/Src/stm32f0xx_hal_msp.c ****     HAL_GPIO_Init(GPIOA, &GPIO_InitStruct);
 180              		.loc 1 110 5 is_stmt 1 view .LVU45
 110:Core/Src/stm32f0xx_hal_msp.c ****     HAL_GPIO_Init(GPIOA, &GPIO_InitStruct);
 181              		.loc 1 110 31 is_stmt 0 view .LVU46
 182 0056 023B     		subs	r3, r3, #2
 183 0058 0993     		str	r3, [sp, #36]
 111:Core/Src/stm32f0xx_hal_msp.c **** 
 184              		.loc 1 111 5 is_stmt 1 view .LVU47
 185 005a 9020     		movs	r0, #144
 186 005c 05A9     		add	r1, sp, #20
 187 005e C005     		lsls	r0, r0, #23
 188 0060 FFF7FEFF 		bl	HAL_GPIO_Init
 189              	.LVL5:
 115:Core/Src/stm32f0xx_hal_msp.c ****     hdma_usart1_rx.Init.Direction = DMA_PERIPH_TO_MEMORY;
 190              		.loc 1 115 5 view .LVU48
 115:Core/Src/stm32f0xx_hal_msp.c ****     hdma_usart1_rx.Init.Direction = DMA_PERIPH_TO_MEMORY;
 191              		.loc 1 115 29 is_stmt 0 view .LVU49
 192 0064 2D48     		ldr	r0, .L13+12
 193 0066 2E4B     		ldr	r3, .L13+16
 194 0068 0360     		str	r3, [r0]
 116:Core/Src/stm32f0xx_hal_msp.c ****     hdma_usart1_rx.Init.PeriphInc = DMA_PINC_DISABLE;
 195              		.loc 1 116 5 is_stmt 1 view .LVU50
 116:Core/Src/stm32f0xx_hal_msp.c ****     hdma_usart1_rx.Init.PeriphInc = DMA_PINC_DISABLE;
 196              		.loc 1 116 35 is_stmt 0 view .LVU51
 197 006a 0023     		movs	r3, #0
 198 006c 4360     		str	r3, [r0, #4]
ARM GAS  C:\Users\Hero\AppData\Local\Temp\cc50tBV3.s 			page 8


 117:Core/Src/stm32f0xx_hal_msp.c ****     hdma_usart1_rx.Init.MemInc = DMA_MINC_ENABLE;
 199              		.loc 1 117 5 is_stmt 1 view .LVU52
 117:Core/Src/stm32f0xx_hal_msp.c ****     hdma_usart1_rx.Init.MemInc = DMA_MINC_ENABLE;
 200              		.loc 1 117 35 is_stmt 0 view .LVU53
 201 006e 8360     		str	r3, [r0, #8]
 118:Core/Src/stm32f0xx_hal_msp.c ****     hdma_usart1_rx.Init.PeriphDataAlignment = DMA_PDATAALIGN_BYTE;
 202              		.loc 1 118 5 is_stmt 1 view .LVU54
 118:Core/Src/stm32f0xx_hal_msp.c ****     hdma_usart1_rx.Init.PeriphDataAlignment = DMA_PDATAALIGN_BYTE;
 203              		.loc 1 118 32 is_stmt 0 view .LVU55
 204 0070 8022     		movs	r2, #128
 205 0072 C260     		str	r2, [r0, #12]
 119:Core/Src/stm32f0xx_hal_msp.c ****     hdma_usart1_rx.Init.MemDataAlignment = DMA_MDATAALIGN_BYTE;
 206              		.loc 1 119 5 is_stmt 1 view .LVU56
 119:Core/Src/stm32f0xx_hal_msp.c ****     hdma_usart1_rx.Init.MemDataAlignment = DMA_MDATAALIGN_BYTE;
 207              		.loc 1 119 45 is_stmt 0 view .LVU57
 208 0074 0361     		str	r3, [r0, #16]
 120:Core/Src/stm32f0xx_hal_msp.c ****     hdma_usart1_rx.Init.Mode = DMA_NORMAL;
 209              		.loc 1 120 5 is_stmt 1 view .LVU58
 120:Core/Src/stm32f0xx_hal_msp.c ****     hdma_usart1_rx.Init.Mode = DMA_NORMAL;
 210              		.loc 1 120 42 is_stmt 0 view .LVU59
 211 0076 4361     		str	r3, [r0, #20]
 121:Core/Src/stm32f0xx_hal_msp.c ****     hdma_usart1_rx.Init.Priority = DMA_PRIORITY_LOW;
 212              		.loc 1 121 5 is_stmt 1 view .LVU60
 121:Core/Src/stm32f0xx_hal_msp.c ****     hdma_usart1_rx.Init.Priority = DMA_PRIORITY_LOW;
 213              		.loc 1 121 30 is_stmt 0 view .LVU61
 214 0078 8361     		str	r3, [r0, #24]
 122:Core/Src/stm32f0xx_hal_msp.c ****     if (HAL_DMA_Init(&hdma_usart1_rx) != HAL_OK)
 215              		.loc 1 122 5 is_stmt 1 view .LVU62
 122:Core/Src/stm32f0xx_hal_msp.c ****     if (HAL_DMA_Init(&hdma_usart1_rx) != HAL_OK)
 216              		.loc 1 122 34 is_stmt 0 view .LVU63
 217 007a C361     		str	r3, [r0, #28]
 123:Core/Src/stm32f0xx_hal_msp.c ****     {
 218              		.loc 1 123 5 is_stmt 1 view .LVU64
 123:Core/Src/stm32f0xx_hal_msp.c ****     {
 219              		.loc 1 123 9 is_stmt 0 view .LVU65
 220 007c FFF7FEFF 		bl	HAL_DMA_Init
 221              	.LVL6:
 123:Core/Src/stm32f0xx_hal_msp.c ****     {
 222              		.loc 1 123 8 discriminator 1 view .LVU66
 223 0080 0028     		cmp	r0, #0
 224 0082 1FD1     		bne	.L11
 225              	.L6:
 128:Core/Src/stm32f0xx_hal_msp.c **** 
 226              		.loc 1 128 5 is_stmt 1 view .LVU67
 128:Core/Src/stm32f0xx_hal_msp.c **** 
 227              		.loc 1 128 5 view .LVU68
 228 0084 254B     		ldr	r3, .L13+12
 229 0086 6367     		str	r3, [r4, #116]
 128:Core/Src/stm32f0xx_hal_msp.c **** 
 230              		.loc 1 128 5 view .LVU69
 231 0088 5C62     		str	r4, [r3, #36]
 128:Core/Src/stm32f0xx_hal_msp.c **** 
 232              		.loc 1 128 5 view .LVU70
 131:Core/Src/stm32f0xx_hal_msp.c ****     hdma_usart1_tx.Init.Direction = DMA_MEMORY_TO_PERIPH;
 233              		.loc 1 131 5 view .LVU71
 131:Core/Src/stm32f0xx_hal_msp.c ****     hdma_usart1_tx.Init.Direction = DMA_MEMORY_TO_PERIPH;
 234              		.loc 1 131 29 is_stmt 0 view .LVU72
ARM GAS  C:\Users\Hero\AppData\Local\Temp\cc50tBV3.s 			page 9


 235 008a 2648     		ldr	r0, .L13+20
 236 008c 264B     		ldr	r3, .L13+24
 237 008e 0360     		str	r3, [r0]
 132:Core/Src/stm32f0xx_hal_msp.c ****     hdma_usart1_tx.Init.PeriphInc = DMA_PINC_DISABLE;
 238              		.loc 1 132 5 is_stmt 1 view .LVU73
 132:Core/Src/stm32f0xx_hal_msp.c ****     hdma_usart1_tx.Init.PeriphInc = DMA_PINC_DISABLE;
 239              		.loc 1 132 35 is_stmt 0 view .LVU74
 240 0090 1023     		movs	r3, #16
 241 0092 4360     		str	r3, [r0, #4]
 133:Core/Src/stm32f0xx_hal_msp.c ****     hdma_usart1_tx.Init.MemInc = DMA_MINC_ENABLE;
 242              		.loc 1 133 5 is_stmt 1 view .LVU75
 133:Core/Src/stm32f0xx_hal_msp.c ****     hdma_usart1_tx.Init.MemInc = DMA_MINC_ENABLE;
 243              		.loc 1 133 35 is_stmt 0 view .LVU76
 244 0094 0023     		movs	r3, #0
 245 0096 8360     		str	r3, [r0, #8]
 134:Core/Src/stm32f0xx_hal_msp.c ****     hdma_usart1_tx.Init.PeriphDataAlignment = DMA_PDATAALIGN_BYTE;
 246              		.loc 1 134 5 is_stmt 1 view .LVU77
 134:Core/Src/stm32f0xx_hal_msp.c ****     hdma_usart1_tx.Init.PeriphDataAlignment = DMA_PDATAALIGN_BYTE;
 247              		.loc 1 134 32 is_stmt 0 view .LVU78
 248 0098 8022     		movs	r2, #128
 249 009a C260     		str	r2, [r0, #12]
 135:Core/Src/stm32f0xx_hal_msp.c ****     hdma_usart1_tx.Init.MemDataAlignment = DMA_MDATAALIGN_BYTE;
 250              		.loc 1 135 5 is_stmt 1 view .LVU79
 135:Core/Src/stm32f0xx_hal_msp.c ****     hdma_usart1_tx.Init.MemDataAlignment = DMA_MDATAALIGN_BYTE;
 251              		.loc 1 135 45 is_stmt 0 view .LVU80
 252 009c 0361     		str	r3, [r0, #16]
 136:Core/Src/stm32f0xx_hal_msp.c ****     hdma_usart1_tx.Init.Mode = DMA_NORMAL;
 253              		.loc 1 136 5 is_stmt 1 view .LVU81
 136:Core/Src/stm32f0xx_hal_msp.c ****     hdma_usart1_tx.Init.Mode = DMA_NORMAL;
 254              		.loc 1 136 42 is_stmt 0 view .LVU82
 255 009e 4361     		str	r3, [r0, #20]
 137:Core/Src/stm32f0xx_hal_msp.c ****     hdma_usart1_tx.Init.Priority = DMA_PRIORITY_LOW;
 256              		.loc 1 137 5 is_stmt 1 view .LVU83
 137:Core/Src/stm32f0xx_hal_msp.c ****     hdma_usart1_tx.Init.Priority = DMA_PRIORITY_LOW;
 257              		.loc 1 137 30 is_stmt 0 view .LVU84
 258 00a0 8361     		str	r3, [r0, #24]
 138:Core/Src/stm32f0xx_hal_msp.c ****     if (HAL_DMA_Init(&hdma_usart1_tx) != HAL_OK)
 259              		.loc 1 138 5 is_stmt 1 view .LVU85
 138:Core/Src/stm32f0xx_hal_msp.c ****     if (HAL_DMA_Init(&hdma_usart1_tx) != HAL_OK)
 260              		.loc 1 138 34 is_stmt 0 view .LVU86
 261 00a2 C361     		str	r3, [r0, #28]
 139:Core/Src/stm32f0xx_hal_msp.c ****     {
 262              		.loc 1 139 5 is_stmt 1 view .LVU87
 139:Core/Src/stm32f0xx_hal_msp.c ****     {
 263              		.loc 1 139 9 is_stmt 0 view .LVU88
 264 00a4 FFF7FEFF 		bl	HAL_DMA_Init
 265              	.LVL7:
 139:Core/Src/stm32f0xx_hal_msp.c ****     {
 266              		.loc 1 139 8 discriminator 1 view .LVU89
 267 00a8 0028     		cmp	r0, #0
 268 00aa 0ED1     		bne	.L12
 269              	.L7:
 144:Core/Src/stm32f0xx_hal_msp.c **** 
 270              		.loc 1 144 5 is_stmt 1 view .LVU90
 144:Core/Src/stm32f0xx_hal_msp.c **** 
 271              		.loc 1 144 5 view .LVU91
 272 00ac 1D4B     		ldr	r3, .L13+20
ARM GAS  C:\Users\Hero\AppData\Local\Temp\cc50tBV3.s 			page 10


 273 00ae 2367     		str	r3, [r4, #112]
 144:Core/Src/stm32f0xx_hal_msp.c **** 
 274              		.loc 1 144 5 view .LVU92
 275 00b0 5C62     		str	r4, [r3, #36]
 144:Core/Src/stm32f0xx_hal_msp.c **** 
 276              		.loc 1 144 5 view .LVU93
 147:Core/Src/stm32f0xx_hal_msp.c ****     HAL_NVIC_EnableIRQ(USART1_IRQn);
 277              		.loc 1 147 5 view .LVU94
 278 00b2 0022     		movs	r2, #0
 279 00b4 0021     		movs	r1, #0
 280 00b6 1B20     		movs	r0, #27
 281 00b8 FFF7FEFF 		bl	HAL_NVIC_SetPriority
 282              	.LVL8:
 148:Core/Src/stm32f0xx_hal_msp.c ****   /* USER CODE BEGIN USART1_MspInit 1 */
 283              		.loc 1 148 5 view .LVU95
 284 00bc 1B20     		movs	r0, #27
 285 00be FFF7FEFF 		bl	HAL_NVIC_EnableIRQ
 286              	.LVL9:
 287 00c2 ACE7     		b	.L4
 288              	.L11:
 125:Core/Src/stm32f0xx_hal_msp.c ****     }
 289              		.loc 1 125 7 view .LVU96
 290 00c4 FFF7FEFF 		bl	Error_Handler
 291              	.LVL10:
 292 00c8 DCE7     		b	.L6
 293              	.L12:
 141:Core/Src/stm32f0xx_hal_msp.c ****     }
 294              		.loc 1 141 7 view .LVU97
 295 00ca FFF7FEFF 		bl	Error_Handler
 296              	.LVL11:
 297 00ce EDE7     		b	.L7
 298              	.L10:
 159:Core/Src/stm32f0xx_hal_msp.c **** 
 299              		.loc 1 159 5 view .LVU98
 300              	.LBB6:
 159:Core/Src/stm32f0xx_hal_msp.c **** 
 301              		.loc 1 159 5 view .LVU99
 159:Core/Src/stm32f0xx_hal_msp.c **** 
 302              		.loc 1 159 5 view .LVU100
 303 00d0 114B     		ldr	r3, .L13+8
 304 00d2 D969     		ldr	r1, [r3, #28]
 305 00d4 8022     		movs	r2, #128
 306 00d6 9202     		lsls	r2, r2, #10
 307 00d8 1143     		orrs	r1, r2
 308 00da D961     		str	r1, [r3, #28]
 159:Core/Src/stm32f0xx_hal_msp.c **** 
 309              		.loc 1 159 5 view .LVU101
 310 00dc D969     		ldr	r1, [r3, #28]
 311 00de 1140     		ands	r1, r2
 312 00e0 0391     		str	r1, [sp, #12]
 159:Core/Src/stm32f0xx_hal_msp.c **** 
 313              		.loc 1 159 5 view .LVU102
 314 00e2 0399     		ldr	r1, [sp, #12]
 315              	.LBE6:
 159:Core/Src/stm32f0xx_hal_msp.c **** 
 316              		.loc 1 159 5 view .LVU103
 161:Core/Src/stm32f0xx_hal_msp.c ****     /**USART2 GPIO Configuration
ARM GAS  C:\Users\Hero\AppData\Local\Temp\cc50tBV3.s 			page 11


 317              		.loc 1 161 5 view .LVU104
 318              	.LBB7:
 161:Core/Src/stm32f0xx_hal_msp.c ****     /**USART2 GPIO Configuration
 319              		.loc 1 161 5 view .LVU105
 161:Core/Src/stm32f0xx_hal_msp.c ****     /**USART2 GPIO Configuration
 320              		.loc 1 161 5 view .LVU106
 321 00e4 5969     		ldr	r1, [r3, #20]
 322 00e6 1143     		orrs	r1, r2
 323 00e8 5961     		str	r1, [r3, #20]
 161:Core/Src/stm32f0xx_hal_msp.c ****     /**USART2 GPIO Configuration
 324              		.loc 1 161 5 view .LVU107
 325 00ea 5B69     		ldr	r3, [r3, #20]
 326 00ec 1340     		ands	r3, r2
 327 00ee 0493     		str	r3, [sp, #16]
 161:Core/Src/stm32f0xx_hal_msp.c ****     /**USART2 GPIO Configuration
 328              		.loc 1 161 5 view .LVU108
 329 00f0 049B     		ldr	r3, [sp, #16]
 330              	.LBE7:
 161:Core/Src/stm32f0xx_hal_msp.c ****     /**USART2 GPIO Configuration
 331              		.loc 1 161 5 view .LVU109
 166:Core/Src/stm32f0xx_hal_msp.c ****     GPIO_InitStruct.Mode = GPIO_MODE_AF_PP;
 332              		.loc 1 166 5 view .LVU110
 166:Core/Src/stm32f0xx_hal_msp.c ****     GPIO_InitStruct.Mode = GPIO_MODE_AF_PP;
 333              		.loc 1 166 25 is_stmt 0 view .LVU111
 334 00f2 0C23     		movs	r3, #12
 335 00f4 0593     		str	r3, [sp, #20]
 167:Core/Src/stm32f0xx_hal_msp.c ****     GPIO_InitStruct.Pull = GPIO_NOPULL;
 336              		.loc 1 167 5 is_stmt 1 view .LVU112
 167:Core/Src/stm32f0xx_hal_msp.c ****     GPIO_InitStruct.Pull = GPIO_NOPULL;
 337              		.loc 1 167 26 is_stmt 0 view .LVU113
 338 00f6 0A3B     		subs	r3, r3, #10
 339 00f8 0693     		str	r3, [sp, #24]
 168:Core/Src/stm32f0xx_hal_msp.c ****     GPIO_InitStruct.Speed = GPIO_SPEED_FREQ_HIGH;
 340              		.loc 1 168 5 is_stmt 1 view .LVU114
 169:Core/Src/stm32f0xx_hal_msp.c ****     GPIO_InitStruct.Alternate = GPIO_AF1_USART2;
 341              		.loc 1 169 5 view .LVU115
 169:Core/Src/stm32f0xx_hal_msp.c ****     GPIO_InitStruct.Alternate = GPIO_AF1_USART2;
 342              		.loc 1 169 27 is_stmt 0 view .LVU116
 343 00fa 0133     		adds	r3, r3, #1
 344 00fc 0893     		str	r3, [sp, #32]
 170:Core/Src/stm32f0xx_hal_msp.c ****     HAL_GPIO_Init(GPIOA, &GPIO_InitStruct);
 345              		.loc 1 170 5 is_stmt 1 view .LVU117
 170:Core/Src/stm32f0xx_hal_msp.c ****     HAL_GPIO_Init(GPIOA, &GPIO_InitStruct);
 346              		.loc 1 170 31 is_stmt 0 view .LVU118
 347 00fe 023B     		subs	r3, r3, #2
 348 0100 0993     		str	r3, [sp, #36]
 171:Core/Src/stm32f0xx_hal_msp.c **** 
 349              		.loc 1 171 5 is_stmt 1 view .LVU119
 350 0102 9020     		movs	r0, #144
 351 0104 05A9     		add	r1, sp, #20
 352 0106 C005     		lsls	r0, r0, #23
 353 0108 FFF7FEFF 		bl	HAL_GPIO_Init
 354              	.LVL12:
 355              		.loc 1 178 1 is_stmt 0 view .LVU120
 356 010c 87E7     		b	.L4
 357              	.L14:
 358 010e C046     		.align	2
ARM GAS  C:\Users\Hero\AppData\Local\Temp\cc50tBV3.s 			page 12


 359              	.L13:
 360 0110 00380140 		.word	1073821696
 361 0114 00440040 		.word	1073759232
 362 0118 00100240 		.word	1073876992
 363 011c 00000000 		.word	hdma_usart1_rx
 364 0120 30000240 		.word	1073872944
 365 0124 00000000 		.word	hdma_usart1_tx
 366 0128 1C000240 		.word	1073872924
 367              		.cfi_endproc
 368              	.LFE41:
 370              		.section	.text.HAL_UART_MspDeInit,"ax",%progbits
 371              		.align	1
 372              		.global	HAL_UART_MspDeInit
 373              		.syntax unified
 374              		.code	16
 375              		.thumb_func
 377              	HAL_UART_MspDeInit:
 378              	.LVL13:
 379              	.LFB42:
 179:Core/Src/stm32f0xx_hal_msp.c **** 
 180:Core/Src/stm32f0xx_hal_msp.c **** /**
 181:Core/Src/stm32f0xx_hal_msp.c **** * @brief UART MSP De-Initialization
 182:Core/Src/stm32f0xx_hal_msp.c **** * This function freeze the hardware resources used in this example
 183:Core/Src/stm32f0xx_hal_msp.c **** * @param huart: UART handle pointer
 184:Core/Src/stm32f0xx_hal_msp.c **** * @retval None
 185:Core/Src/stm32f0xx_hal_msp.c **** */
 186:Core/Src/stm32f0xx_hal_msp.c **** void HAL_UART_MspDeInit(UART_HandleTypeDef* huart)
 187:Core/Src/stm32f0xx_hal_msp.c **** {
 380              		.loc 1 187 1 is_stmt 1 view -0
 381              		.cfi_startproc
 382              		@ args = 0, pretend = 0, frame = 0
 383              		@ frame_needed = 0, uses_anonymous_args = 0
 384              		.loc 1 187 1 is_stmt 0 view .LVU122
 385 0000 10B5     		push	{r4, lr}
 386              		.cfi_def_cfa_offset 8
 387              		.cfi_offset 4, -8
 388              		.cfi_offset 14, -4
 389 0002 0400     		movs	r4, r0
 188:Core/Src/stm32f0xx_hal_msp.c ****   if(huart->Instance==USART1)
 390              		.loc 1 188 3 is_stmt 1 view .LVU123
 391              		.loc 1 188 11 is_stmt 0 view .LVU124
 392 0004 0368     		ldr	r3, [r0]
 393              		.loc 1 188 5 view .LVU125
 394 0006 134A     		ldr	r2, .L20
 395 0008 9342     		cmp	r3, r2
 396 000a 03D0     		beq	.L18
 189:Core/Src/stm32f0xx_hal_msp.c ****   {
 190:Core/Src/stm32f0xx_hal_msp.c ****   /* USER CODE BEGIN USART1_MspDeInit 0 */
 191:Core/Src/stm32f0xx_hal_msp.c **** 
 192:Core/Src/stm32f0xx_hal_msp.c ****   /* USER CODE END USART1_MspDeInit 0 */
 193:Core/Src/stm32f0xx_hal_msp.c ****     /* Peripheral clock disable */
 194:Core/Src/stm32f0xx_hal_msp.c ****     __HAL_RCC_USART1_CLK_DISABLE();
 195:Core/Src/stm32f0xx_hal_msp.c **** 
 196:Core/Src/stm32f0xx_hal_msp.c ****     /**USART1 GPIO Configuration
 197:Core/Src/stm32f0xx_hal_msp.c ****     PA9     ------> USART1_TX
 198:Core/Src/stm32f0xx_hal_msp.c ****     PA10     ------> USART1_RX
 199:Core/Src/stm32f0xx_hal_msp.c ****     */
ARM GAS  C:\Users\Hero\AppData\Local\Temp\cc50tBV3.s 			page 13


 200:Core/Src/stm32f0xx_hal_msp.c ****     HAL_GPIO_DeInit(GPIOA, GPIO_PIN_9|GPIO_PIN_10);
 201:Core/Src/stm32f0xx_hal_msp.c **** 
 202:Core/Src/stm32f0xx_hal_msp.c ****     /* USART1 DMA DeInit */
 203:Core/Src/stm32f0xx_hal_msp.c ****     HAL_DMA_DeInit(huart->hdmarx);
 204:Core/Src/stm32f0xx_hal_msp.c ****     HAL_DMA_DeInit(huart->hdmatx);
 205:Core/Src/stm32f0xx_hal_msp.c **** 
 206:Core/Src/stm32f0xx_hal_msp.c ****     /* USART1 interrupt DeInit */
 207:Core/Src/stm32f0xx_hal_msp.c ****     HAL_NVIC_DisableIRQ(USART1_IRQn);
 208:Core/Src/stm32f0xx_hal_msp.c ****   /* USER CODE BEGIN USART1_MspDeInit 1 */
 209:Core/Src/stm32f0xx_hal_msp.c **** 
 210:Core/Src/stm32f0xx_hal_msp.c ****   /* USER CODE END USART1_MspDeInit 1 */
 211:Core/Src/stm32f0xx_hal_msp.c ****   }
 212:Core/Src/stm32f0xx_hal_msp.c ****   else if(huart->Instance==USART2)
 397              		.loc 1 212 8 is_stmt 1 view .LVU126
 398              		.loc 1 212 10 is_stmt 0 view .LVU127
 399 000c 124A     		ldr	r2, .L20+4
 400 000e 9342     		cmp	r3, r2
 401 0010 15D0     		beq	.L19
 402              	.LVL14:
 403              	.L15:
 213:Core/Src/stm32f0xx_hal_msp.c ****   {
 214:Core/Src/stm32f0xx_hal_msp.c ****   /* USER CODE BEGIN USART2_MspDeInit 0 */
 215:Core/Src/stm32f0xx_hal_msp.c **** 
 216:Core/Src/stm32f0xx_hal_msp.c ****   /* USER CODE END USART2_MspDeInit 0 */
 217:Core/Src/stm32f0xx_hal_msp.c ****     /* Peripheral clock disable */
 218:Core/Src/stm32f0xx_hal_msp.c ****     __HAL_RCC_USART2_CLK_DISABLE();
 219:Core/Src/stm32f0xx_hal_msp.c **** 
 220:Core/Src/stm32f0xx_hal_msp.c ****     /**USART2 GPIO Configuration
 221:Core/Src/stm32f0xx_hal_msp.c ****     PA2     ------> USART2_TX
 222:Core/Src/stm32f0xx_hal_msp.c ****     PA3     ------> USART2_RX
 223:Core/Src/stm32f0xx_hal_msp.c ****     */
 224:Core/Src/stm32f0xx_hal_msp.c ****     HAL_GPIO_DeInit(GPIOA, GPIO_PIN_2|GPIO_PIN_3);
 225:Core/Src/stm32f0xx_hal_msp.c **** 
 226:Core/Src/stm32f0xx_hal_msp.c ****   /* USER CODE BEGIN USART2_MspDeInit 1 */
 227:Core/Src/stm32f0xx_hal_msp.c **** 
 228:Core/Src/stm32f0xx_hal_msp.c ****   /* USER CODE END USART2_MspDeInit 1 */
 229:Core/Src/stm32f0xx_hal_msp.c ****   }
 230:Core/Src/stm32f0xx_hal_msp.c **** 
 231:Core/Src/stm32f0xx_hal_msp.c **** }
 404              		.loc 1 231 1 view .LVU128
 405              		@ sp needed
 406              	.LVL15:
 407              		.loc 1 231 1 view .LVU129
 408 0012 10BD     		pop	{r4, pc}
 409              	.LVL16:
 410              	.L18:
 194:Core/Src/stm32f0xx_hal_msp.c **** 
 411              		.loc 1 194 5 is_stmt 1 view .LVU130
 412 0014 114A     		ldr	r2, .L20+8
 413 0016 9369     		ldr	r3, [r2, #24]
 414 0018 1149     		ldr	r1, .L20+12
 415 001a 0B40     		ands	r3, r1
 416 001c 9361     		str	r3, [r2, #24]
 200:Core/Src/stm32f0xx_hal_msp.c **** 
 417              		.loc 1 200 5 view .LVU131
 418 001e C021     		movs	r1, #192
 419 0020 9020     		movs	r0, #144
ARM GAS  C:\Users\Hero\AppData\Local\Temp\cc50tBV3.s 			page 14


 420              	.LVL17:
 200:Core/Src/stm32f0xx_hal_msp.c **** 
 421              		.loc 1 200 5 is_stmt 0 view .LVU132
 422 0022 C900     		lsls	r1, r1, #3
 423 0024 C005     		lsls	r0, r0, #23
 424 0026 FFF7FEFF 		bl	HAL_GPIO_DeInit
 425              	.LVL18:
 203:Core/Src/stm32f0xx_hal_msp.c ****     HAL_DMA_DeInit(huart->hdmatx);
 426              		.loc 1 203 5 is_stmt 1 view .LVU133
 427 002a 606F     		ldr	r0, [r4, #116]
 428 002c FFF7FEFF 		bl	HAL_DMA_DeInit
 429              	.LVL19:
 204:Core/Src/stm32f0xx_hal_msp.c **** 
 430              		.loc 1 204 5 view .LVU134
 431 0030 206F     		ldr	r0, [r4, #112]
 432 0032 FFF7FEFF 		bl	HAL_DMA_DeInit
 433              	.LVL20:
 207:Core/Src/stm32f0xx_hal_msp.c ****   /* USER CODE BEGIN USART1_MspDeInit 1 */
 434              		.loc 1 207 5 view .LVU135
 435 0036 1B20     		movs	r0, #27
 436 0038 FFF7FEFF 		bl	HAL_NVIC_DisableIRQ
 437              	.LVL21:
 438 003c E9E7     		b	.L15
 439              	.LVL22:
 440              	.L19:
 218:Core/Src/stm32f0xx_hal_msp.c **** 
 441              		.loc 1 218 5 view .LVU136
 442 003e 074A     		ldr	r2, .L20+8
 443 0040 D369     		ldr	r3, [r2, #28]
 444 0042 0849     		ldr	r1, .L20+16
 445 0044 0B40     		ands	r3, r1
 446 0046 D361     		str	r3, [r2, #28]
 224:Core/Src/stm32f0xx_hal_msp.c **** 
 447              		.loc 1 224 5 view .LVU137
 448 0048 9020     		movs	r0, #144
 449              	.LVL23:
 224:Core/Src/stm32f0xx_hal_msp.c **** 
 450              		.loc 1 224 5 is_stmt 0 view .LVU138
 451 004a 0C21     		movs	r1, #12
 452 004c C005     		lsls	r0, r0, #23
 453 004e FFF7FEFF 		bl	HAL_GPIO_DeInit
 454              	.LVL24:
 455              		.loc 1 231 1 view .LVU139
 456 0052 DEE7     		b	.L15
 457              	.L21:
 458              		.align	2
 459              	.L20:
 460 0054 00380140 		.word	1073821696
 461 0058 00440040 		.word	1073759232
 462 005c 00100240 		.word	1073876992
 463 0060 FFBFFFFF 		.word	-16385
 464 0064 FFFFFDFF 		.word	-131073
 465              		.cfi_endproc
 466              	.LFE42:
 468              		.text
 469              	.Letext0:
 470              		.file 2 "Drivers/CMSIS/Device/ST/STM32F0xx/Include/stm32f030x8.h"
ARM GAS  C:\Users\Hero\AppData\Local\Temp\cc50tBV3.s 			page 15


 471              		.file 3 "D:/ARMTOOLCHAINCMAKE/ARM-GNU-TOOLCHAIN-13.3.REL1/arm-none-eabi/include/machine/_default_t
 472              		.file 4 "D:/ARMTOOLCHAINCMAKE/ARM-GNU-TOOLCHAIN-13.3.REL1/arm-none-eabi/include/sys/_stdint.h"
 473              		.file 5 "Drivers/STM32F0xx_HAL_Driver/Inc/stm32f0xx_hal_def.h"
 474              		.file 6 "Drivers/STM32F0xx_HAL_Driver/Inc/stm32f0xx_hal_gpio.h"
 475              		.file 7 "Drivers/STM32F0xx_HAL_Driver/Inc/stm32f0xx_hal_dma.h"
 476              		.file 8 "Drivers/STM32F0xx_HAL_Driver/Inc/stm32f0xx_hal_uart.h"
 477              		.file 9 "Drivers/STM32F0xx_HAL_Driver/Inc/stm32f0xx_hal_cortex.h"
 478              		.file 10 "Core/Inc/main.h"
 479              		.file 11 "<built-in>"
ARM GAS  C:\Users\Hero\AppData\Local\Temp\cc50tBV3.s 			page 16


DEFINED SYMBOLS
                            *ABS*:00000000 stm32f0xx_hal_msp.c
C:\Users\Hero\AppData\Local\Temp\cc50tBV3.s:19     .text.HAL_MspInit:00000000 $t
C:\Users\Hero\AppData\Local\Temp\cc50tBV3.s:25     .text.HAL_MspInit:00000000 HAL_MspInit
C:\Users\Hero\AppData\Local\Temp\cc50tBV3.s:75     .text.HAL_MspInit:0000002c $d
C:\Users\Hero\AppData\Local\Temp\cc50tBV3.s:80     .text.HAL_UART_MspInit:00000000 $t
C:\Users\Hero\AppData\Local\Temp\cc50tBV3.s:86     .text.HAL_UART_MspInit:00000000 HAL_UART_MspInit
C:\Users\Hero\AppData\Local\Temp\cc50tBV3.s:360    .text.HAL_UART_MspInit:00000110 $d
C:\Users\Hero\AppData\Local\Temp\cc50tBV3.s:371    .text.HAL_UART_MspDeInit:00000000 $t
C:\Users\Hero\AppData\Local\Temp\cc50tBV3.s:377    .text.HAL_UART_MspDeInit:00000000 HAL_UART_MspDeInit
C:\Users\Hero\AppData\Local\Temp\cc50tBV3.s:460    .text.HAL_UART_MspDeInit:00000054 $d

UNDEFINED SYMBOLS
memset
HAL_GPIO_Init
HAL_DMA_Init
HAL_NVIC_SetPriority
HAL_NVIC_EnableIRQ
Error_Handler
hdma_usart1_rx
hdma_usart1_tx
HAL_GPIO_DeInit
HAL_DMA_DeInit
HAL_NVIC_DisableIRQ
